INFO	?	main	2016-07-11T06:52:03.305Z	org.javacs.Main#connectToNode	Connected to parent using socket on port 55283
INFO	?	pool-1-thread-1	2016-07-11T06:52:03.416Z	org.javacs.JavaLanguageServer#doLint	Lint /home/mrdreamer/Documents/java/thinkinginjava/containers/CollectionDataGeneration.java
SEVERE	?	pool-1-thread-1	2016-07-11T06:52:03.421Z	org.javacs.Main#lambda$run$0	Can't find configuration file for /home/mrdreamer/Documents/java/thinkinginjava/containers/CollectionDataGeneration.java
org.javacs.ShowMessageException: Can't find configuration file for /home/mrdreamer/Documents/java/thinkinginjava/containers/CollectionDataGeneration.java
	at org.javacs.ShowMessageException.create(ShowMessageException.java:29)
	at org.javacs.ShowMessageException.warning(ShowMessageException.java:20)
	at org.javacs.JavaLanguageServer$1.didOpen(JavaLanguageServer.java:185)
	at io.typefox.lsapi.services.json.LanguageServerToJsonAdapter._doAccept(LanguageServerToJsonAdapter.xtend:217)
	at io.typefox.lsapi.services.json.LanguageServerToJsonAdapter.doAccept(LanguageServerToJsonAdapter.xtend:213)
	at io.typefox.lsapi.services.json.LanguageServerToJsonAdapter.accept(LanguageServerToJsonAdapter.xtend:124)
	at io.typefox.lsapi.services.json.LanguageServerProtocol.handleMessage(LanguageServerProtocol.xtend:79)
	at io.typefox.lsapi.services.json.LanguageServerProtocol$IOHandler.handleMessage(LanguageServerProtocol.xtend:284)
	at io.typefox.lsapi.services.json.LanguageServerProtocol$IOHandler.run(LanguageServerProtocol.xtend:220)
	at io.typefox.lsapi.services.json.LanguageServerProtocol$IOHandler.run(LanguageServerProtocol.xtend:180)
	at java.util.concurrent.Executors$RunnableAdapter.call(Executors.java:511)
	at java.util.concurrent.FutureTask.run(FutureTask.java:266)
	at java.util.concurrent.ThreadPoolExecutor.runWorker(ThreadPoolExecutor.java:1142)
	at java.util.concurrent.ThreadPoolExecutor$Worker.run(ThreadPoolExecutor.java:617)
	at java.lang.Thread.run(Thread.java:745)
Caused by: org.javacs.NoJavaConfigException: Can't find configuration file for /home/mrdreamer/Documents/java/thinkinginjava/containers/CollectionDataGeneration.java
	at org.javacs.JavaLanguageServer.lambda$findCompiler$21(JavaLanguageServer.java:444)
	at java.util.Optional.orElseThrow(Optional.java:290)
	at org.javacs.JavaLanguageServer.findCompiler(JavaLanguageServer.java:444)
	at org.javacs.JavaLanguageServer.doLint(JavaLanguageServer.java:292)
	at org.javacs.JavaLanguageServer.access$400(JavaLanguageServer.java:25)
	at org.javacs.JavaLanguageServer$1.didOpen(JavaLanguageServer.java:182)
	... 12 more

SEVERE	?	pool-1-thread-1	2016-07-11T06:52:03.964Z	org.javacs.Main#lambda$run$0	Can't find configuration file for /home/mrdreamer/Documents/java/thinkinginjava/containers/CollectionDataGeneration.java
org.javacs.NoJavaConfigException: Can't find configuration file for /home/mrdreamer/Documents/java/thinkinginjava/containers/CollectionDataGeneration.java
	at org.javacs.JavaLanguageServer.lambda$findCompiler$21(JavaLanguageServer.java:444)
	at java.util.Optional.orElseThrow(Optional.java:290)
	at org.javacs.JavaLanguageServer.findCompiler(JavaLanguageServer.java:444)
	at org.javacs.JavaLanguageServer.doHover(JavaLanguageServer.java:776)
	at org.javacs.JavaLanguageServer$1.hover(JavaLanguageServer.java:107)
	at io.typefox.lsapi.services.json.LanguageServerToJsonAdapter._doAccept(LanguageServerToJsonAdapter.xtend:140)
	at io.typefox.lsapi.services.json.LanguageServerToJsonAdapter.doAccept(LanguageServerToJsonAdapter.xtend:127)
	at io.typefox.lsapi.services.json.LanguageServerToJsonAdapter.accept(LanguageServerToJsonAdapter.xtend:124)
	at io.typefox.lsapi.services.json.LanguageServerProtocol.handleMessage(LanguageServerProtocol.xtend:79)
	at io.typefox.lsapi.services.json.LanguageServerProtocol$IOHandler.handleMessage(LanguageServerProtocol.xtend:284)
	at io.typefox.lsapi.services.json.LanguageServerProtocol$IOHandler.run(LanguageServerProtocol.xtend:220)
	at io.typefox.lsapi.services.json.LanguageServerProtocol$IOHandler.run(LanguageServerProtocol.xtend:180)
	at java.util.concurrent.Executors$RunnableAdapter.call(Executors.java:511)
	at java.util.concurrent.FutureTask.run(FutureTask.java:266)
	at java.util.concurrent.ThreadPoolExecutor.runWorker(ThreadPoolExecutor.java:1142)
	at java.util.concurrent.ThreadPoolExecutor$Worker.run(ThreadPoolExecutor.java:617)
	at java.lang.Thread.run(Thread.java:745)

WARNING	?	pool-1-thread-1	2016-07-11T06:52:03.964Z	org.javacs.JavaLanguageServer#onError	Can't find configuration file for /home/mrdreamer/Documents/java/thinkinginjava/containers/CollectionDataGeneration.java
SEVERE	?	pool-1-thread-1	2016-07-11T06:52:14.946Z	org.javacs.Main#lambda$run$0	Can't find configuration file for /home/mrdreamer/Documents/java/thinkinginjava/containers/CollectionDataGeneration.java
org.javacs.NoJavaConfigException: Can't find configuration file for /home/mrdreamer/Documents/java/thinkinginjava/containers/CollectionDataGeneration.java
	at org.javacs.JavaLanguageServer.lambda$findCompiler$21(JavaLanguageServer.java:444)
	at java.util.Optional.orElseThrow(Optional.java:290)
	at org.javacs.JavaLanguageServer.findCompiler(JavaLanguageServer.java:444)
	at org.javacs.JavaLanguageServer.doHover(JavaLanguageServer.java:776)
	at org.javacs.JavaLanguageServer$1.hover(JavaLanguageServer.java:107)
	at io.typefox.lsapi.services.json.LanguageServerToJsonAdapter._doAccept(LanguageServerToJsonAdapter.xtend:140)
	at io.typefox.lsapi.services.json.LanguageServerToJsonAdapter.doAccept(LanguageServerToJsonAdapter.xtend:127)
	at io.typefox.lsapi.services.json.LanguageServerToJsonAdapter.accept(LanguageServerToJsonAdapter.xtend:124)
	at io.typefox.lsapi.services.json.LanguageServerProtocol.handleMessage(LanguageServerProtocol.xtend:79)
	at io.typefox.lsapi.services.json.LanguageServerProtocol$IOHandler.handleMessage(LanguageServerProtocol.xtend:284)
	at io.typefox.lsapi.services.json.LanguageServerProtocol$IOHandler.run(LanguageServerProtocol.xtend:220)
	at io.typefox.lsapi.services.json.LanguageServerProtocol$IOHandler.run(LanguageServerProtocol.xtend:180)
	at java.util.concurrent.Executors$RunnableAdapter.call(Executors.java:511)
	at java.util.concurrent.FutureTask.run(FutureTask.java:266)
	at java.util.concurrent.ThreadPoolExecutor.runWorker(ThreadPoolExecutor.java:1142)
	at java.util.concurrent.ThreadPoolExecutor$Worker.run(ThreadPoolExecutor.java:617)
	at java.lang.Thread.run(Thread.java:745)

WARNING	?	pool-1-thread-1	2016-07-11T06:52:14.946Z	org.javacs.JavaLanguageServer#onError	Can't find configuration file for /home/mrdreamer/Documents/java/thinkinginjava/containers/CollectionDataGeneration.java
INFO	?	pool-1-thread-1	2016-07-11T06:52:20.722Z	org.javacs.JavaLanguageServer#doLint	Lint /home/mrdreamer/Documents/java/thinkinginjava/containers/MapDataTest.java
SEVERE	?	pool-1-thread-1	2016-07-11T06:52:20.722Z	org.javacs.Main#lambda$run$0	Can't find configuration file for /home/mrdreamer/Documents/java/thinkinginjava/containers/MapDataTest.java
org.javacs.ShowMessageException: Can't find configuration file for /home/mrdreamer/Documents/java/thinkinginjava/containers/MapDataTest.java
	at org.javacs.ShowMessageException.create(ShowMessageException.java:29)
	at org.javacs.ShowMessageException.warning(ShowMessageException.java:20)
	at org.javacs.JavaLanguageServer$1.didOpen(JavaLanguageServer.java:185)
	at io.typefox.lsapi.services.json.LanguageServerToJsonAdapter._doAccept(LanguageServerToJsonAdapter.xtend:217)
	at io.typefox.lsapi.services.json.LanguageServerToJsonAdapter.doAccept(LanguageServerToJsonAdapter.xtend:213)
	at io.typefox.lsapi.services.json.LanguageServerToJsonAdapter.accept(LanguageServerToJsonAdapter.xtend:124)
	at io.typefox.lsapi.services.json.LanguageServerProtocol.handleMessage(LanguageServerProtocol.xtend:79)
	at io.typefox.lsapi.services.json.LanguageServerProtocol$IOHandler.handleMessage(LanguageServerProtocol.xtend:284)
	at io.typefox.lsapi.services.json.LanguageServerProtocol$IOHandler.run(LanguageServerProtocol.xtend:220)
	at io.typefox.lsapi.services.json.LanguageServerProtocol$IOHandler.run(LanguageServerProtocol.xtend:180)
	at java.util.concurrent.Executors$RunnableAdapter.call(Executors.java:511)
	at java.util.concurrent.FutureTask.run(FutureTask.java:266)
	at java.util.concurrent.ThreadPoolExecutor.runWorker(ThreadPoolExecutor.java:1142)
	at java.util.concurrent.ThreadPoolExecutor$Worker.run(ThreadPoolExecutor.java:617)
	at java.lang.Thread.run(Thread.java:745)
Caused by: org.javacs.NoJavaConfigException: Can't find configuration file for /home/mrdreamer/Documents/java/thinkinginjava/containers/MapDataTest.java
	at org.javacs.JavaLanguageServer.lambda$findCompiler$21(JavaLanguageServer.java:444)
	at java.util.Optional.orElseThrow(Optional.java:290)
	at org.javacs.JavaLanguageServer.findCompiler(JavaLanguageServer.java:444)
	at org.javacs.JavaLanguageServer.doLint(JavaLanguageServer.java:292)
	at org.javacs.JavaLanguageServer.access$400(JavaLanguageServer.java:25)
	at org.javacs.JavaLanguageServer$1.didOpen(JavaLanguageServer.java:182)
	... 12 more

SEVERE	?	pool-1-thread-1	2016-07-11T06:52:20.723Z	org.javacs.Main#lambda$run$0	Can't find configuration file for /home/mrdreamer/Documents/java/thinkinginjava/containers/CollectionDataGeneration.java
org.javacs.NoJavaConfigException: Can't find configuration file for /home/mrdreamer/Documents/java/thinkinginjava/containers/CollectionDataGeneration.java
	at org.javacs.JavaLanguageServer.lambda$findCompiler$21(JavaLanguageServer.java:444)
	at java.util.Optional.orElseThrow(Optional.java:290)
	at org.javacs.JavaLanguageServer.findCompiler(JavaLanguageServer.java:444)
	at org.javacs.JavaLanguageServer$1.didClose(JavaLanguageServer.java:216)
	at io.typefox.lsapi.services.json.LanguageServerToJsonAdapter._doAccept(LanguageServerToJsonAdapter.xtend:221)
	at io.typefox.lsapi.services.json.LanguageServerToJsonAdapter.doAccept(LanguageServerToJsonAdapter.xtend:213)
	at io.typefox.lsapi.services.json.LanguageServerToJsonAdapter.accept(LanguageServerToJsonAdapter.xtend:124)
	at io.typefox.lsapi.services.json.LanguageServerProtocol.handleMessage(LanguageServerProtocol.xtend:79)
	at io.typefox.lsapi.services.json.LanguageServerProtocol$IOHandler.handleMessage(LanguageServerProtocol.xtend:284)
	at io.typefox.lsapi.services.json.LanguageServerProtocol$IOHandler.run(LanguageServerProtocol.xtend:220)
	at io.typefox.lsapi.services.json.LanguageServerProtocol$IOHandler.run(LanguageServerProtocol.xtend:180)
	at java.util.concurrent.Executors$RunnableAdapter.call(Executors.java:511)
	at java.util.concurrent.FutureTask.run(FutureTask.java:266)
	at java.util.concurrent.ThreadPoolExecutor.runWorker(ThreadPoolExecutor.java:1142)
	at java.util.concurrent.ThreadPoolExecutor$Worker.run(ThreadPoolExecutor.java:617)
	at java.lang.Thread.run(Thread.java:745)

WARNING	?	pool-1-thread-1	2016-07-11T06:52:20.724Z	org.javacs.JavaLanguageServer#onError	Can't find configuration file for /home/mrdreamer/Documents/java/thinkinginjava/containers/CollectionDataGeneration.java
SEVERE	?	pool-1-thread-1	2016-07-11T06:52:24.770Z	org.javacs.Main#lambda$run$0	Can't find configuration file for /home/mrdreamer/Documents/java/thinkinginjava/containers/MapDataTest.java
org.javacs.NoJavaConfigException: Can't find configuration file for /home/mrdreamer/Documents/java/thinkinginjava/containers/MapDataTest.java
	at org.javacs.JavaLanguageServer.lambda$findCompiler$21(JavaLanguageServer.java:444)
	at java.util.Optional.orElseThrow(Optional.java:290)
	at org.javacs.JavaLanguageServer.findCompiler(JavaLanguageServer.java:444)
	at org.javacs.JavaLanguageServer.doHover(JavaLanguageServer.java:776)
	at org.javacs.JavaLanguageServer$1.hover(JavaLanguageServer.java:107)
	at io.typefox.lsapi.services.json.LanguageServerToJsonAdapter._doAccept(LanguageServerToJsonAdapter.xtend:140)
	at io.typefox.lsapi.services.json.LanguageServerToJsonAdapter.doAccept(LanguageServerToJsonAdapter.xtend:127)
	at io.typefox.lsapi.services.json.LanguageServerToJsonAdapter.accept(LanguageServerToJsonAdapter.xtend:124)
	at io.typefox.lsapi.services.json.LanguageServerProtocol.handleMessage(LanguageServerProtocol.xtend:79)
	at io.typefox.lsapi.services.json.LanguageServerProtocol$IOHandler.handleMessage(LanguageServerProtocol.xtend:284)
	at io.typefox.lsapi.services.json.LanguageServerProtocol$IOHandler.run(LanguageServerProtocol.xtend:220)
	at io.typefox.lsapi.services.json.LanguageServerProtocol$IOHandler.run(LanguageServerProtocol.xtend:180)
	at java.util.concurrent.Executors$RunnableAdapter.call(Executors.java:511)
	at java.util.concurrent.FutureTask.run(FutureTask.java:266)
	at java.util.concurrent.ThreadPoolExecutor.runWorker(ThreadPoolExecutor.java:1142)
	at java.util.concurrent.ThreadPoolExecutor$Worker.run(ThreadPoolExecutor.java:617)
	at java.lang.Thread.run(Thread.java:745)

WARNING	?	pool-1-thread-1	2016-07-11T06:52:24.770Z	org.javacs.JavaLanguageServer#onError	Can't find configuration file for /home/mrdreamer/Documents/java/thinkinginjava/containers/MapDataTest.java
SEVERE	?	pool-1-thread-1	2016-07-11T06:52:24.970Z	org.javacs.Main#lambda$run$0	Can't find configuration file for /home/mrdreamer/Documents/java/thinkinginjava/containers/MapDataTest.java
org.javacs.NoJavaConfigException: Can't find configuration file for /home/mrdreamer/Documents/java/thinkinginjava/containers/MapDataTest.java
	at org.javacs.JavaLanguageServer.lambda$findCompiler$21(JavaLanguageServer.java:444)
	at java.util.Optional.orElseThrow(Optional.java:290)
	at org.javacs.JavaLanguageServer.findCompiler(JavaLanguageServer.java:444)
	at org.javacs.JavaLanguageServer.doHover(JavaLanguageServer.java:776)
	at org.javacs.JavaLanguageServer$1.hover(JavaLanguageServer.java:107)
	at io.typefox.lsapi.services.json.LanguageServerToJsonAdapter._doAccept(LanguageServerToJsonAdapter.xtend:140)
	at io.typefox.lsapi.services.json.LanguageServerToJsonAdapter.doAccept(LanguageServerToJsonAdapter.xtend:127)
	at io.typefox.lsapi.services.json.LanguageServerToJsonAdapter.accept(LanguageServerToJsonAdapter.xtend:124)
	at io.typefox.lsapi.services.json.LanguageServerProtocol.handleMessage(LanguageServerProtocol.xtend:79)
	at io.typefox.lsapi.services.json.LanguageServerProtocol$IOHandler.handleMessage(LanguageServerProtocol.xtend:284)
	at io.typefox.lsapi.services.json.LanguageServerProtocol$IOHandler.run(LanguageServerProtocol.xtend:220)
	at io.typefox.lsapi.services.json.LanguageServerProtocol$IOHandler.run(LanguageServerProtocol.xtend:180)
	at java.util.concurrent.Executors$RunnableAdapter.call(Executors.java:511)
	at java.util.concurrent.FutureTask.run(FutureTask.java:266)
	at java.util.concurrent.ThreadPoolExecutor.runWorker(ThreadPoolExecutor.java:1142)
	at java.util.concurrent.ThreadPoolExecutor$Worker.run(ThreadPoolExecutor.java:617)
	at java.lang.Thread.run(Thread.java:745)

WARNING	?	pool-1-thread-1	2016-07-11T06:52:24.970Z	org.javacs.JavaLanguageServer#onError	Can't find configuration file for /home/mrdreamer/Documents/java/thinkinginjava/containers/MapDataTest.java
SEVERE	?	pool-1-thread-1	2016-07-11T06:52:25.370Z	org.javacs.Main#lambda$run$0	Can't find configuration file for /home/mrdreamer/Documents/java/thinkinginjava/containers/MapDataTest.java
org.javacs.NoJavaConfigException: Can't find configuration file for /home/mrdreamer/Documents/java/thinkinginjava/containers/MapDataTest.java
	at org.javacs.JavaLanguageServer.lambda$findCompiler$21(JavaLanguageServer.java:444)
	at java.util.Optional.orElseThrow(Optional.java:290)
	at org.javacs.JavaLanguageServer.findCompiler(JavaLanguageServer.java:444)
	at org.javacs.JavaLanguageServer.doHover(JavaLanguageServer.java:776)
	at org.javacs.JavaLanguageServer$1.hover(JavaLanguageServer.java:107)
	at io.typefox.lsapi.services.json.LanguageServerToJsonAdapter._doAccept(LanguageServerToJsonAdapter.xtend:140)
	at io.typefox.lsapi.services.json.LanguageServerToJsonAdapter.doAccept(LanguageServerToJsonAdapter.xtend:127)
	at io.typefox.lsapi.services.json.LanguageServerToJsonAdapter.accept(LanguageServerToJsonAdapter.xtend:124)
	at io.typefox.lsapi.services.json.LanguageServerProtocol.handleMessage(LanguageServerProtocol.xtend:79)
	at io.typefox.lsapi.services.json.LanguageServerProtocol$IOHandler.handleMessage(LanguageServerProtocol.xtend:284)
	at io.typefox.lsapi.services.json.LanguageServerProtocol$IOHandler.run(LanguageServerProtocol.xtend:220)
	at io.typefox.lsapi.services.json.LanguageServerProtocol$IOHandler.run(LanguageServerProtocol.xtend:180)
	at java.util.concurrent.Executors$RunnableAdapter.call(Executors.java:511)
	at java.util.concurrent.FutureTask.run(FutureTask.java:266)
	at java.util.concurrent.ThreadPoolExecutor.runWorker(ThreadPoolExecutor.java:1142)
	at java.util.concurrent.ThreadPoolExecutor$Worker.run(ThreadPoolExecutor.java:617)
	at java.lang.Thread.run(Thread.java:745)

WARNING	?	pool-1-thread-1	2016-07-11T06:52:25.370Z	org.javacs.JavaLanguageServer#onError	Can't find configuration file for /home/mrdreamer/Documents/java/thinkinginjava/containers/MapDataTest.java
SEVERE	?	pool-1-thread-1	2016-07-11T06:52:25.570Z	org.javacs.Main#lambda$run$0	Can't find configuration file for /home/mrdreamer/Documents/java/thinkinginjava/containers/MapDataTest.java
org.javacs.NoJavaConfigException: Can't find configuration file for /home/mrdreamer/Documents/java/thinkinginjava/containers/MapDataTest.java
	at org.javacs.JavaLanguageServer.lambda$findCompiler$21(JavaLanguageServer.java:444)
	at java.util.Optional.orElseThrow(Optional.java:290)
	at org.javacs.JavaLanguageServer.findCompiler(JavaLanguageServer.java:444)
	at org.javacs.JavaLanguageServer.doHover(JavaLanguageServer.java:776)
	at org.javacs.JavaLanguageServer$1.hover(JavaLanguageServer.java:107)
	at io.typefox.lsapi.services.json.LanguageServerToJsonAdapter._doAccept(LanguageServerToJsonAdapter.xtend:140)
	at io.typefox.lsapi.services.json.LanguageServerToJsonAdapter.doAccept(LanguageServerToJsonAdapter.xtend:127)
	at io.typefox.lsapi.services.json.LanguageServerToJsonAdapter.accept(LanguageServerToJsonAdapter.xtend:124)
	at io.typefox.lsapi.services.json.LanguageServerProtocol.handleMessage(LanguageServerProtocol.xtend:79)
	at io.typefox.lsapi.services.json.LanguageServerProtocol$IOHandler.handleMessage(LanguageServerProtocol.xtend:284)
	at io.typefox.lsapi.services.json.LanguageServerProtocol$IOHandler.run(LanguageServerProtocol.xtend:220)
	at io.typefox.lsapi.services.json.LanguageServerProtocol$IOHandler.run(LanguageServerProtocol.xtend:180)
	at java.util.concurrent.Executors$RunnableAdapter.call(Executors.java:511)
	at java.util.concurrent.FutureTask.run(FutureTask.java:266)
	at java.util.concurrent.ThreadPoolExecutor.runWorker(ThreadPoolExecutor.java:1142)
	at java.util.concurrent.ThreadPoolExecutor$Worker.run(ThreadPoolExecutor.java:617)
	at java.lang.Thread.run(Thread.java:745)

WARNING	?	pool-1-thread-1	2016-07-11T06:52:25.570Z	org.javacs.JavaLanguageServer#onError	Can't find configuration file for /home/mrdreamer/Documents/java/thinkinginjava/containers/MapDataTest.java
SEVERE	?	pool-1-thread-1	2016-07-11T06:52:26.842Z	org.javacs.Main#lambda$run$0	Can't find configuration file for /home/mrdreamer/Documents/java/thinkinginjava/containers/MapDataTest.java
org.javacs.NoJavaConfigException: Can't find configuration file for /home/mrdreamer/Documents/java/thinkinginjava/containers/MapDataTest.java
	at org.javacs.JavaLanguageServer.lambda$findCompiler$21(JavaLanguageServer.java:444)
	at java.util.Optional.orElseThrow(Optional.java:290)
	at org.javacs.JavaLanguageServer.findCompiler(JavaLanguageServer.java:444)
	at org.javacs.JavaLanguageServer.doHover(JavaLanguageServer.java:776)
	at org.javacs.JavaLanguageServer$1.hover(JavaLanguageServer.java:107)
	at io.typefox.lsapi.services.json.LanguageServerToJsonAdapter._doAccept(LanguageServerToJsonAdapter.xtend:140)
	at io.typefox.lsapi.services.json.LanguageServerToJsonAdapter.doAccept(LanguageServerToJsonAdapter.xtend:127)
	at io.typefox.lsapi.services.json.LanguageServerToJsonAdapter.accept(LanguageServerToJsonAdapter.xtend:124)
	at io.typefox.lsapi.services.json.LanguageServerProtocol.handleMessage(LanguageServerProtocol.xtend:79)
	at io.typefox.lsapi.services.json.LanguageServerProtocol$IOHandler.handleMessage(LanguageServerProtocol.xtend:284)
	at io.typefox.lsapi.services.json.LanguageServerProtocol$IOHandler.run(LanguageServerProtocol.xtend:220)
	at io.typefox.lsapi.services.json.LanguageServerProtocol$IOHandler.run(LanguageServerProtocol.xtend:180)
	at java.util.concurrent.Executors$RunnableAdapter.call(Executors.java:511)
	at java.util.concurrent.FutureTask.run(FutureTask.java:266)
	at java.util.concurrent.ThreadPoolExecutor.runWorker(ThreadPoolExecutor.java:1142)
	at java.util.concurrent.ThreadPoolExecutor$Worker.run(ThreadPoolExecutor.java:617)
	at java.lang.Thread.run(Thread.java:745)

WARNING	?	pool-1-thread-1	2016-07-11T06:52:26.842Z	org.javacs.JavaLanguageServer#onError	Can't find configuration file for /home/mrdreamer/Documents/java/thinkinginjava/containers/MapDataTest.java
SEVERE	?	pool-1-thread-1	2016-07-11T06:52:32.570Z	org.javacs.Main#lambda$run$0	Can't find configuration file for /home/mrdreamer/Documents/java/thinkinginjava/containers/MapDataTest.java
org.javacs.NoJavaConfigException: Can't find configuration file for /home/mrdreamer/Documents/java/thinkinginjava/containers/MapDataTest.java
	at org.javacs.JavaLanguageServer.lambda$findCompiler$21(JavaLanguageServer.java:444)
	at java.util.Optional.orElseThrow(Optional.java:290)
	at org.javacs.JavaLanguageServer.findCompiler(JavaLanguageServer.java:444)
	at org.javacs.JavaLanguageServer.doHover(JavaLanguageServer.java:776)
	at org.javacs.JavaLanguageServer$1.hover(JavaLanguageServer.java:107)
	at io.typefox.lsapi.services.json.LanguageServerToJsonAdapter._doAccept(LanguageServerToJsonAdapter.xtend:140)
	at io.typefox.lsapi.services.json.LanguageServerToJsonAdapter.doAccept(LanguageServerToJsonAdapter.xtend:127)
	at io.typefox.lsapi.services.json.LanguageServerToJsonAdapter.accept(LanguageServerToJsonAdapter.xtend:124)
	at io.typefox.lsapi.services.json.LanguageServerProtocol.handleMessage(LanguageServerProtocol.xtend:79)
	at io.typefox.lsapi.services.json.LanguageServerProtocol$IOHandler.handleMessage(LanguageServerProtocol.xtend:284)
	at io.typefox.lsapi.services.json.LanguageServerProtocol$IOHandler.run(LanguageServerProtocol.xtend:220)
	at io.typefox.lsapi.services.json.LanguageServerProtocol$IOHandler.run(LanguageServerProtocol.xtend:180)
	at java.util.concurrent.Executors$RunnableAdapter.call(Executors.java:511)
	at java.util.concurrent.FutureTask.run(FutureTask.java:266)
	at java.util.concurrent.ThreadPoolExecutor.runWorker(ThreadPoolExecutor.java:1142)
	at java.util.concurrent.ThreadPoolExecutor$Worker.run(ThreadPoolExecutor.java:617)
	at java.lang.Thread.run(Thread.java:745)

WARNING	?	pool-1-thread-1	2016-07-11T06:52:32.570Z	org.javacs.JavaLanguageServer#onError	Can't find configuration file for /home/mrdreamer/Documents/java/thinkinginjava/containers/MapDataTest.java
SEVERE	?	pool-1-thread-1	2016-07-11T06:52:32.910Z	org.javacs.Main#lambda$run$0	Can't find configuration file for /home/mrdreamer/Documents/java/thinkinginjava/containers/MapDataTest.java
org.javacs.NoJavaConfigException: Can't find configuration file for /home/mrdreamer/Documents/java/thinkinginjava/containers/MapDataTest.java
	at org.javacs.JavaLanguageServer.lambda$findCompiler$21(JavaLanguageServer.java:444)
	at java.util.Optional.orElseThrow(Optional.java:290)
	at org.javacs.JavaLanguageServer.findCompiler(JavaLanguageServer.java:444)
	at org.javacs.JavaLanguageServer.doHover(JavaLanguageServer.java:776)
	at org.javacs.JavaLanguageServer$1.hover(JavaLanguageServer.java:107)
	at io.typefox.lsapi.services.json.LanguageServerToJsonAdapter._doAccept(LanguageServerToJsonAdapter.xtend:140)
	at io.typefox.lsapi.services.json.LanguageServerToJsonAdapter.doAccept(LanguageServerToJsonAdapter.xtend:127)
	at io.typefox.lsapi.services.json.LanguageServerToJsonAdapter.accept(LanguageServerToJsonAdapter.xtend:124)
	at io.typefox.lsapi.services.json.LanguageServerProtocol.handleMessage(LanguageServerProtocol.xtend:79)
	at io.typefox.lsapi.services.json.LanguageServerProtocol$IOHandler.handleMessage(LanguageServerProtocol.xtend:284)
	at io.typefox.lsapi.services.json.LanguageServerProtocol$IOHandler.run(LanguageServerProtocol.xtend:220)
	at io.typefox.lsapi.services.json.LanguageServerProtocol$IOHandler.run(LanguageServerProtocol.xtend:180)
	at java.util.concurrent.Executors$RunnableAdapter.call(Executors.java:511)
	at java.util.concurrent.FutureTask.run(FutureTask.java:266)
	at java.util.concurrent.ThreadPoolExecutor.runWorker(ThreadPoolExecutor.java:1142)
	at java.util.concurrent.ThreadPoolExecutor$Worker.run(ThreadPoolExecutor.java:617)
	at java.lang.Thread.run(Thread.java:745)

WARNING	?	pool-1-thread-1	2016-07-11T06:52:32.910Z	org.javacs.JavaLanguageServer#onError	Can't find configuration file for /home/mrdreamer/Documents/java/thinkinginjava/containers/MapDataTest.java
SEVERE	?	pool-1-thread-1	2016-07-11T06:52:33.282Z	org.javacs.Main#lambda$run$0	Can't find configuration file for /home/mrdreamer/Documents/java/thinkinginjava/containers/MapDataTest.java
org.javacs.NoJavaConfigException: Can't find configuration file for /home/mrdreamer/Documents/java/thinkinginjava/containers/MapDataTest.java
	at org.javacs.JavaLanguageServer.lambda$findCompiler$21(JavaLanguageServer.java:444)
	at java.util.Optional.orElseThrow(Optional.java:290)
	at org.javacs.JavaLanguageServer.findCompiler(JavaLanguageServer.java:444)
	at org.javacs.JavaLanguageServer.doHover(JavaLanguageServer.java:776)
	at org.javacs.JavaLanguageServer$1.hover(JavaLanguageServer.java:107)
	at io.typefox.lsapi.services.json.LanguageServerToJsonAdapter._doAccept(LanguageServerToJsonAdapter.xtend:140)
	at io.typefox.lsapi.services.json.LanguageServerToJsonAdapter.doAccept(LanguageServerToJsonAdapter.xtend:127)
	at io.typefox.lsapi.services.json.LanguageServerToJsonAdapter.accept(LanguageServerToJsonAdapter.xtend:124)
	at io.typefox.lsapi.services.json.LanguageServerProtocol.handleMessage(LanguageServerProtocol.xtend:79)
	at io.typefox.lsapi.services.json.LanguageServerProtocol$IOHandler.handleMessage(LanguageServerProtocol.xtend:284)
	at io.typefox.lsapi.services.json.LanguageServerProtocol$IOHandler.run(LanguageServerProtocol.xtend:220)
	at io.typefox.lsapi.services.json.LanguageServerProtocol$IOHandler.run(LanguageServerProtocol.xtend:180)
	at java.util.concurrent.Executors$RunnableAdapter.call(Executors.java:511)
	at java.util.concurrent.FutureTask.run(FutureTask.java:266)
	at java.util.concurrent.ThreadPoolExecutor.runWorker(ThreadPoolExecutor.java:1142)
	at java.util.concurrent.ThreadPoolExecutor$Worker.run(ThreadPoolExecutor.java:617)
	at java.lang.Thread.run(Thread.java:745)

WARNING	?	pool-1-thread-1	2016-07-11T06:52:33.282Z	org.javacs.JavaLanguageServer#onError	Can't find configuration file for /home/mrdreamer/Documents/java/thinkinginjava/containers/MapDataTest.java
SEVERE	?	pool-1-thread-1	2016-07-11T06:52:33.946Z	org.javacs.Main#lambda$run$0	Can't find configuration file for /home/mrdreamer/Documents/java/thinkinginjava/containers/MapDataTest.java
org.javacs.NoJavaConfigException: Can't find configuration file for /home/mrdreamer/Documents/java/thinkinginjava/containers/MapDataTest.java
	at org.javacs.JavaLanguageServer.lambda$findCompiler$21(JavaLanguageServer.java:444)
	at java.util.Optional.orElseThrow(Optional.java:290)
	at org.javacs.JavaLanguageServer.findCompiler(JavaLanguageServer.java:444)
	at org.javacs.JavaLanguageServer.doHover(JavaLanguageServer.java:776)
	at org.javacs.JavaLanguageServer$1.hover(JavaLanguageServer.java:107)
	at io.typefox.lsapi.services.json.LanguageServerToJsonAdapter._doAccept(LanguageServerToJsonAdapter.xtend:140)
	at io.typefox.lsapi.services.json.LanguageServerToJsonAdapter.doAccept(LanguageServerToJsonAdapter.xtend:127)
	at io.typefox.lsapi.services.json.LanguageServerToJsonAdapter.accept(LanguageServerToJsonAdapter.xtend:124)
	at io.typefox.lsapi.services.json.LanguageServerProtocol.handleMessage(LanguageServerProtocol.xtend:79)
	at io.typefox.lsapi.services.json.LanguageServerProtocol$IOHandler.handleMessage(LanguageServerProtocol.xtend:284)
	at io.typefox.lsapi.services.json.LanguageServerProtocol$IOHandler.run(LanguageServerProtocol.xtend:220)
	at io.typefox.lsapi.services.json.LanguageServerProtocol$IOHandler.run(LanguageServerProtocol.xtend:180)
	at java.util.concurrent.Executors$RunnableAdapter.call(Executors.java:511)
	at java.util.concurrent.FutureTask.run(FutureTask.java:266)
	at java.util.concurrent.ThreadPoolExecutor.runWorker(ThreadPoolExecutor.java:1142)
	at java.util.concurrent.ThreadPoolExecutor$Worker.run(ThreadPoolExecutor.java:617)
	at java.lang.Thread.run(Thread.java:745)

WARNING	?	pool-1-thread-1	2016-07-11T06:52:33.946Z	org.javacs.JavaLanguageServer#onError	Can't find configuration file for /home/mrdreamer/Documents/java/thinkinginjava/containers/MapDataTest.java
SEVERE	?	pool-1-thread-1	2016-07-11T06:52:34.145Z	org.javacs.Main#lambda$run$0	Can't find configuration file for /home/mrdreamer/Documents/java/thinkinginjava/containers/MapDataTest.java
org.javacs.NoJavaConfigException: Can't find configuration file for /home/mrdreamer/Documents/java/thinkinginjava/containers/MapDataTest.java
	at org.javacs.JavaLanguageServer.lambda$findCompiler$21(JavaLanguageServer.java:444)
	at java.util.Optional.orElseThrow(Optional.java:290)
	at org.javacs.JavaLanguageServer.findCompiler(JavaLanguageServer.java:444)
	at org.javacs.JavaLanguageServer.doHover(JavaLanguageServer.java:776)
	at org.javacs.JavaLanguageServer$1.hover(JavaLanguageServer.java:107)
	at io.typefox.lsapi.services.json.LanguageServerToJsonAdapter._doAccept(LanguageServerToJsonAdapter.xtend:140)
	at io.typefox.lsapi.services.json.LanguageServerToJsonAdapter.doAccept(LanguageServerToJsonAdapter.xtend:127)
	at io.typefox.lsapi.services.json.LanguageServerToJsonAdapter.accept(LanguageServerToJsonAdapter.xtend:124)
	at io.typefox.lsapi.services.json.LanguageServerProtocol.handleMessage(LanguageServerProtocol.xtend:79)
	at io.typefox.lsapi.services.json.LanguageServerProtocol$IOHandler.handleMessage(LanguageServerProtocol.xtend:284)
	at io.typefox.lsapi.services.json.LanguageServerProtocol$IOHandler.run(LanguageServerProtocol.xtend:220)
	at io.typefox.lsapi.services.json.LanguageServerProtocol$IOHandler.run(LanguageServerProtocol.xtend:180)
	at java.util.concurrent.Executors$RunnableAdapter.call(Executors.java:511)
	at java.util.concurrent.FutureTask.run(FutureTask.java:266)
	at java.util.concurrent.ThreadPoolExecutor.runWorker(ThreadPoolExecutor.java:1142)
	at java.util.concurrent.ThreadPoolExecutor$Worker.run(ThreadPoolExecutor.java:617)
	at java.lang.Thread.run(Thread.java:745)

WARNING	?	pool-1-thread-1	2016-07-11T06:52:34.146Z	org.javacs.JavaLanguageServer#onError	Can't find configuration file for /home/mrdreamer/Documents/java/thinkinginjava/containers/MapDataTest.java
SEVERE	?	pool-1-thread-1	2016-07-11T06:52:34.370Z	org.javacs.Main#lambda$run$0	Can't find configuration file for /home/mrdreamer/Documents/java/thinkinginjava/containers/MapDataTest.java
org.javacs.NoJavaConfigException: Can't find configuration file for /home/mrdreamer/Documents/java/thinkinginjava/containers/MapDataTest.java
	at org.javacs.JavaLanguageServer.lambda$findCompiler$21(JavaLanguageServer.java:444)
	at java.util.Optional.orElseThrow(Optional.java:290)
	at org.javacs.JavaLanguageServer.findCompiler(JavaLanguageServer.java:444)
	at org.javacs.JavaLanguageServer.doHover(JavaLanguageServer.java:776)
	at org.javacs.JavaLanguageServer$1.hover(JavaLanguageServer.java:107)
	at io.typefox.lsapi.services.json.LanguageServerToJsonAdapter._doAccept(LanguageServerToJsonAdapter.xtend:140)
	at io.typefox.lsapi.services.json.LanguageServerToJsonAdapter.doAccept(LanguageServerToJsonAdapter.xtend:127)
	at io.typefox.lsapi.services.json.LanguageServerToJsonAdapter.accept(LanguageServerToJsonAdapter.xtend:124)
	at io.typefox.lsapi.services.json.LanguageServerProtocol.handleMessage(LanguageServerProtocol.xtend:79)
	at io.typefox.lsapi.services.json.LanguageServerProtocol$IOHandler.handleMessage(LanguageServerProtocol.xtend:284)
	at io.typefox.lsapi.services.json.LanguageServerProtocol$IOHandler.run(LanguageServerProtocol.xtend:220)
	at io.typefox.lsapi.services.json.LanguageServerProtocol$IOHandler.run(LanguageServerProtocol.xtend:180)
	at java.util.concurrent.Executors$RunnableAdapter.call(Executors.java:511)
	at java.util.concurrent.FutureTask.run(FutureTask.java:266)
	at java.util.concurrent.ThreadPoolExecutor.runWorker(ThreadPoolExecutor.java:1142)
	at java.util.concurrent.ThreadPoolExecutor$Worker.run(ThreadPoolExecutor.java:617)
	at java.lang.Thread.run(Thread.java:745)

WARNING	?	pool-1-thread-1	2016-07-11T06:52:34.370Z	org.javacs.JavaLanguageServer#onError	Can't find configuration file for /home/mrdreamer/Documents/java/thinkinginjava/containers/MapDataTest.java
SEVERE	?	pool-1-thread-1	2016-07-11T06:52:34.730Z	org.javacs.Main#lambda$run$0	Can't find configuration file for /home/mrdreamer/Documents/java/thinkinginjava/containers/MapDataTest.java
org.javacs.NoJavaConfigException: Can't find configuration file for /home/mrdreamer/Documents/java/thinkinginjava/containers/MapDataTest.java
	at org.javacs.JavaLanguageServer.lambda$findCompiler$21(JavaLanguageServer.java:444)
	at java.util.Optional.orElseThrow(Optional.java:290)
	at org.javacs.JavaLanguageServer.findCompiler(JavaLanguageServer.java:444)
	at org.javacs.JavaLanguageServer.doHover(JavaLanguageServer.java:776)
	at org.javacs.JavaLanguageServer$1.hover(JavaLanguageServer.java:107)
	at io.typefox.lsapi.services.json.LanguageServerToJsonAdapter._doAccept(LanguageServerToJsonAdapter.xtend:140)
	at io.typefox.lsapi.services.json.LanguageServerToJsonAdapter.doAccept(LanguageServerToJsonAdapter.xtend:127)
	at io.typefox.lsapi.services.json.LanguageServerToJsonAdapter.accept(LanguageServerToJsonAdapter.xtend:124)
	at io.typefox.lsapi.services.json.LanguageServerProtocol.handleMessage(LanguageServerProtocol.xtend:79)
	at io.typefox.lsapi.services.json.LanguageServerProtocol$IOHandler.handleMessage(LanguageServerProtocol.xtend:284)
	at io.typefox.lsapi.services.json.LanguageServerProtocol$IOHandler.run(LanguageServerProtocol.xtend:220)
	at io.typefox.lsapi.services.json.LanguageServerProtocol$IOHandler.run(LanguageServerProtocol.xtend:180)
	at java.util.concurrent.Executors$RunnableAdapter.call(Executors.java:511)
	at java.util.concurrent.FutureTask.run(FutureTask.java:266)
	at java.util.concurrent.ThreadPoolExecutor.runWorker(ThreadPoolExecutor.java:1142)
	at java.util.concurrent.ThreadPoolExecutor$Worker.run(ThreadPoolExecutor.java:617)
	at java.lang.Thread.run(Thread.java:745)

WARNING	?	pool-1-thread-1	2016-07-11T06:52:34.730Z	org.javacs.JavaLanguageServer#onError	Can't find configuration file for /home/mrdreamer/Documents/java/thinkinginjava/containers/MapDataTest.java
SEVERE	?	pool-1-thread-1	2016-07-11T06:52:35.132Z	org.javacs.Main#lambda$run$0	Can't find configuration file for /home/mrdreamer/Documents/java/thinkinginjava/containers/MapDataTest.java
org.javacs.NoJavaConfigException: Can't find configuration file for /home/mrdreamer/Documents/java/thinkinginjava/containers/MapDataTest.java
	at org.javacs.JavaLanguageServer.lambda$findCompiler$21(JavaLanguageServer.java:444)
	at java.util.Optional.orElseThrow(Optional.java:290)
	at org.javacs.JavaLanguageServer.findCompiler(JavaLanguageServer.java:444)
	at org.javacs.JavaLanguageServer.doHover(JavaLanguageServer.java:776)
	at org.javacs.JavaLanguageServer$1.hover(JavaLanguageServer.java:107)
	at io.typefox.lsapi.services.json.LanguageServerToJsonAdapter._doAccept(LanguageServerToJsonAdapter.xtend:140)
	at io.typefox.lsapi.services.json.LanguageServerToJsonAdapter.doAccept(LanguageServerToJsonAdapter.xtend:127)
	at io.typefox.lsapi.services.json.LanguageServerToJsonAdapter.accept(LanguageServerToJsonAdapter.xtend:124)
	at io.typefox.lsapi.services.json.LanguageServerProtocol.handleMessage(LanguageServerProtocol.xtend:79)
	at io.typefox.lsapi.services.json.LanguageServerProtocol$IOHandler.handleMessage(LanguageServerProtocol.xtend:284)
	at io.typefox.lsapi.services.json.LanguageServerProtocol$IOHandler.run(LanguageServerProtocol.xtend:220)
	at io.typefox.lsapi.services.json.LanguageServerProtocol$IOHandler.run(LanguageServerProtocol.xtend:180)
	at java.util.concurrent.Executors$RunnableAdapter.call(Executors.java:511)
	at java.util.concurrent.FutureTask.run(FutureTask.java:266)
	at java.util.concurrent.ThreadPoolExecutor.runWorker(ThreadPoolExecutor.java:1142)
	at java.util.concurrent.ThreadPoolExecutor$Worker.run(ThreadPoolExecutor.java:617)
	at java.lang.Thread.run(Thread.java:745)

WARNING	?	pool-1-thread-1	2016-07-11T06:52:35.133Z	org.javacs.JavaLanguageServer#onError	Can't find configuration file for /home/mrdreamer/Documents/java/thinkinginjava/containers/MapDataTest.java
SEVERE	?	pool-1-thread-1	2016-07-11T06:52:36.138Z	org.javacs.Main#lambda$run$0	Can't find configuration file for /home/mrdreamer/Documents/java/thinkinginjava/containers/MapDataTest.java
org.javacs.NoJavaConfigException: Can't find configuration file for /home/mrdreamer/Documents/java/thinkinginjava/containers/MapDataTest.java
	at org.javacs.JavaLanguageServer.lambda$findCompiler$21(JavaLanguageServer.java:444)
	at java.util.Optional.orElseThrow(Optional.java:290)
	at org.javacs.JavaLanguageServer.findCompiler(JavaLanguageServer.java:444)
	at org.javacs.JavaLanguageServer.doHover(JavaLanguageServer.java:776)
	at org.javacs.JavaLanguageServer$1.hover(JavaLanguageServer.java:107)
	at io.typefox.lsapi.services.json.LanguageServerToJsonAdapter._doAccept(LanguageServerToJsonAdapter.xtend:140)
	at io.typefox.lsapi.services.json.LanguageServerToJsonAdapter.doAccept(LanguageServerToJsonAdapter.xtend:127)
	at io.typefox.lsapi.services.json.LanguageServerToJsonAdapter.accept(LanguageServerToJsonAdapter.xtend:124)
	at io.typefox.lsapi.services.json.LanguageServerProtocol.handleMessage(LanguageServerProtocol.xtend:79)
	at io.typefox.lsapi.services.json.LanguageServerProtocol$IOHandler.handleMessage(LanguageServerProtocol.xtend:284)
	at io.typefox.lsapi.services.json.LanguageServerProtocol$IOHandler.run(LanguageServerProtocol.xtend:220)
	at io.typefox.lsapi.services.json.LanguageServerProtocol$IOHandler.run(LanguageServerProtocol.xtend:180)
	at java.util.concurrent.Executors$RunnableAdapter.call(Executors.java:511)
	at java.util.concurrent.FutureTask.run(FutureTask.java:266)
	at java.util.concurrent.ThreadPoolExecutor.runWorker(ThreadPoolExecutor.java:1142)
	at java.util.concurrent.ThreadPoolExecutor$Worker.run(ThreadPoolExecutor.java:617)
	at java.lang.Thread.run(Thread.java:745)

WARNING	?	pool-1-thread-1	2016-07-11T06:52:36.139Z	org.javacs.JavaLanguageServer#onError	Can't find configuration file for /home/mrdreamer/Documents/java/thinkinginjava/containers/MapDataTest.java
SEVERE	?	pool-1-thread-1	2016-07-11T06:52:36.342Z	org.javacs.Main#lambda$run$0	Can't find configuration file for /home/mrdreamer/Documents/java/thinkinginjava/containers/MapDataTest.java
org.javacs.NoJavaConfigException: Can't find configuration file for /home/mrdreamer/Documents/java/thinkinginjava/containers/MapDataTest.java
	at org.javacs.JavaLanguageServer.lambda$findCompiler$21(JavaLanguageServer.java:444)
	at java.util.Optional.orElseThrow(Optional.java:290)
	at org.javacs.JavaLanguageServer.findCompiler(JavaLanguageServer.java:444)
	at org.javacs.JavaLanguageServer.doHover(JavaLanguageServer.java:776)
	at org.javacs.JavaLanguageServer$1.hover(JavaLanguageServer.java:107)
	at io.typefox.lsapi.services.json.LanguageServerToJsonAdapter._doAccept(LanguageServerToJsonAdapter.xtend:140)
	at io.typefox.lsapi.services.json.LanguageServerToJsonAdapter.doAccept(LanguageServerToJsonAdapter.xtend:127)
	at io.typefox.lsapi.services.json.LanguageServerToJsonAdapter.accept(LanguageServerToJsonAdapter.xtend:124)
	at io.typefox.lsapi.services.json.LanguageServerProtocol.handleMessage(LanguageServerProtocol.xtend:79)
	at io.typefox.lsapi.services.json.LanguageServerProtocol$IOHandler.handleMessage(LanguageServerProtocol.xtend:284)
	at io.typefox.lsapi.services.json.LanguageServerProtocol$IOHandler.run(LanguageServerProtocol.xtend:220)
	at io.typefox.lsapi.services.json.LanguageServerProtocol$IOHandler.run(LanguageServerProtocol.xtend:180)
	at java.util.concurrent.Executors$RunnableAdapter.call(Executors.java:511)
	at java.util.concurrent.FutureTask.run(FutureTask.java:266)
	at java.util.concurrent.ThreadPoolExecutor.runWorker(ThreadPoolExecutor.java:1142)
	at java.util.concurrent.ThreadPoolExecutor$Worker.run(ThreadPoolExecutor.java:617)
	at java.lang.Thread.run(Thread.java:745)

WARNING	?	pool-1-thread-1	2016-07-11T06:52:36.342Z	org.javacs.JavaLanguageServer#onError	Can't find configuration file for /home/mrdreamer/Documents/java/thinkinginjava/containers/MapDataTest.java
SEVERE	?	pool-1-thread-1	2016-07-11T06:52:37.422Z	org.javacs.Main#lambda$run$0	Can't find configuration file for /home/mrdreamer/Documents/java/thinkinginjava/containers/MapDataTest.java
org.javacs.NoJavaConfigException: Can't find configuration file for /home/mrdreamer/Documents/java/thinkinginjava/containers/MapDataTest.java
	at org.javacs.JavaLanguageServer.lambda$findCompiler$21(JavaLanguageServer.java:444)
	at java.util.Optional.orElseThrow(Optional.java:290)
	at org.javacs.JavaLanguageServer.findCompiler(JavaLanguageServer.java:444)
	at org.javacs.JavaLanguageServer.doHover(JavaLanguageServer.java:776)
	at org.javacs.JavaLanguageServer$1.hover(JavaLanguageServer.java:107)
	at io.typefox.lsapi.services.json.LanguageServerToJsonAdapter._doAccept(LanguageServerToJsonAdapter.xtend:140)
	at io.typefox.lsapi.services.json.LanguageServerToJsonAdapter.doAccept(LanguageServerToJsonAdapter.xtend:127)
	at io.typefox.lsapi.services.json.LanguageServerToJsonAdapter.accept(LanguageServerToJsonAdapter.xtend:124)
	at io.typefox.lsapi.services.json.LanguageServerProtocol.handleMessage(LanguageServerProtocol.xtend:79)
	at io.typefox.lsapi.services.json.LanguageServerProtocol$IOHandler.handleMessage(LanguageServerProtocol.xtend:284)
	at io.typefox.lsapi.services.json.LanguageServerProtocol$IOHandler.run(LanguageServerProtocol.xtend:220)
	at io.typefox.lsapi.services.json.LanguageServerProtocol$IOHandler.run(LanguageServerProtocol.xtend:180)
	at java.util.concurrent.Executors$RunnableAdapter.call(Executors.java:511)
	at java.util.concurrent.FutureTask.run(FutureTask.java:266)
	at java.util.concurrent.ThreadPoolExecutor.runWorker(ThreadPoolExecutor.java:1142)
	at java.util.concurrent.ThreadPoolExecutor$Worker.run(ThreadPoolExecutor.java:617)
	at java.lang.Thread.run(Thread.java:745)

WARNING	?	pool-1-thread-1	2016-07-11T06:52:37.422Z	org.javacs.JavaLanguageServer#onError	Can't find configuration file for /home/mrdreamer/Documents/java/thinkinginjava/containers/MapDataTest.java
SEVERE	?	pool-1-thread-1	2016-07-11T06:52:37.622Z	org.javacs.Main#lambda$run$0	Can't find configuration file for /home/mrdreamer/Documents/java/thinkinginjava/containers/MapDataTest.java
org.javacs.NoJavaConfigException: Can't find configuration file for /home/mrdreamer/Documents/java/thinkinginjava/containers/MapDataTest.java
	at org.javacs.JavaLanguageServer.lambda$findCompiler$21(JavaLanguageServer.java:444)
	at java.util.Optional.orElseThrow(Optional.java:290)
	at org.javacs.JavaLanguageServer.findCompiler(JavaLanguageServer.java:444)
	at org.javacs.JavaLanguageServer.doHover(JavaLanguageServer.java:776)
	at org.javacs.JavaLanguageServer$1.hover(JavaLanguageServer.java:107)
	at io.typefox.lsapi.services.json.LanguageServerToJsonAdapter._doAccept(LanguageServerToJsonAdapter.xtend:140)
	at io.typefox.lsapi.services.json.LanguageServerToJsonAdapter.doAccept(LanguageServerToJsonAdapter.xtend:127)
	at io.typefox.lsapi.services.json.LanguageServerToJsonAdapter.accept(LanguageServerToJsonAdapter.xtend:124)
	at io.typefox.lsapi.services.json.LanguageServerProtocol.handleMessage(LanguageServerProtocol.xtend:79)
	at io.typefox.lsapi.services.json.LanguageServerProtocol$IOHandler.handleMessage(LanguageServerProtocol.xtend:284)
	at io.typefox.lsapi.services.json.LanguageServerProtocol$IOHandler.run(LanguageServerProtocol.xtend:220)
	at io.typefox.lsapi.services.json.LanguageServerProtocol$IOHandler.run(LanguageServerProtocol.xtend:180)
	at java.util.concurrent.Executors$RunnableAdapter.call(Executors.java:511)
	at java.util.concurrent.FutureTask.run(FutureTask.java:266)
	at java.util.concurrent.ThreadPoolExecutor.runWorker(ThreadPoolExecutor.java:1142)
	at java.util.concurrent.ThreadPoolExecutor$Worker.run(ThreadPoolExecutor.java:617)
	at java.lang.Thread.run(Thread.java:745)

WARNING	?	pool-1-thread-1	2016-07-11T06:52:37.622Z	org.javacs.JavaLanguageServer#onError	Can't find configuration file for /home/mrdreamer/Documents/java/thinkinginjava/containers/MapDataTest.java
SEVERE	?	pool-1-thread-1	2016-07-11T07:33:56.218Z	org.javacs.Main#lambda$run$0	Can't find configuration file for /home/mrdreamer/Documents/java/thinkinginjava/containers/MapDataTest.java
org.javacs.NoJavaConfigException: Can't find configuration file for /home/mrdreamer/Documents/java/thinkinginjava/containers/MapDataTest.java
	at org.javacs.JavaLanguageServer.lambda$findCompiler$21(JavaLanguageServer.java:444)
	at java.util.Optional.orElseThrow(Optional.java:290)
	at org.javacs.JavaLanguageServer.findCompiler(JavaLanguageServer.java:444)
	at org.javacs.JavaLanguageServer.autocomplete(JavaLanguageServer.java:866)
	at org.javacs.JavaLanguageServer$1.completion(JavaLanguageServer.java:97)
	at io.typefox.lsapi.services.json.LanguageServerToJsonAdapter._doAccept(LanguageServerToJsonAdapter.xtend:136)
	at io.typefox.lsapi.services.json.LanguageServerToJsonAdapter.doAccept(LanguageServerToJsonAdapter.xtend:127)
	at io.typefox.lsapi.services.json.LanguageServerToJsonAdapter.accept(LanguageServerToJsonAdapter.xtend:124)
	at io.typefox.lsapi.services.json.LanguageServerProtocol.handleMessage(LanguageServerProtocol.xtend:79)
	at io.typefox.lsapi.services.json.LanguageServerProtocol$IOHandler.handleMessage(LanguageServerProtocol.xtend:284)
	at io.typefox.lsapi.services.json.LanguageServerProtocol$IOHandler.run(LanguageServerProtocol.xtend:220)
	at io.typefox.lsapi.services.json.LanguageServerProtocol$IOHandler.run(LanguageServerProtocol.xtend:180)
	at java.util.concurrent.Executors$RunnableAdapter.call(Executors.java:511)
	at java.util.concurrent.FutureTask.run(FutureTask.java:266)
	at java.util.concurrent.ThreadPoolExecutor.runWorker(ThreadPoolExecutor.java:1142)
	at java.util.concurrent.ThreadPoolExecutor$Worker.run(ThreadPoolExecutor.java:617)
	at java.lang.Thread.run(Thread.java:745)

WARNING	?	pool-1-thread-1	2016-07-11T07:33:56.218Z	org.javacs.JavaLanguageServer#onError	Can't find configuration file for /home/mrdreamer/Documents/java/thinkinginjava/containers/MapDataTest.java
SEVERE	?	pool-1-thread-1	2016-07-11T07:34:00.936Z	org.javacs.Main#lambda$run$0	Can't find configuration file for /home/mrdreamer/Documents/java/thinkinginjava/containers/MapDataTest.java
org.javacs.NoJavaConfigException: Can't find configuration file for /home/mrdreamer/Documents/java/thinkinginjava/containers/MapDataTest.java
	at org.javacs.JavaLanguageServer.lambda$findCompiler$21(JavaLanguageServer.java:444)
	at java.util.Optional.orElseThrow(Optional.java:290)
	at org.javacs.JavaLanguageServer.findCompiler(JavaLanguageServer.java:444)
	at org.javacs.JavaLanguageServer.autocomplete(JavaLanguageServer.java:866)
	at org.javacs.JavaLanguageServer$1.completion(JavaLanguageServer.java:97)
	at io.typefox.lsapi.services.json.LanguageServerToJsonAdapter._doAccept(LanguageServerToJsonAdapter.xtend:136)
	at io.typefox.lsapi.services.json.LanguageServerToJsonAdapter.doAccept(LanguageServerToJsonAdapter.xtend:127)
	at io.typefox.lsapi.services.json.LanguageServerToJsonAdapter.accept(LanguageServerToJsonAdapter.xtend:124)
	at io.typefox.lsapi.services.json.LanguageServerProtocol.handleMessage(LanguageServerProtocol.xtend:79)
	at io.typefox.lsapi.services.json.LanguageServerProtocol$IOHandler.handleMessage(LanguageServerProtocol.xtend:284)
	at io.typefox.lsapi.services.json.LanguageServerProtocol$IOHandler.run(LanguageServerProtocol.xtend:220)
	at io.typefox.lsapi.services.json.LanguageServerProtocol$IOHandler.run(LanguageServerProtocol.xtend:180)
	at java.util.concurrent.Executors$RunnableAdapter.call(Executors.java:511)
	at java.util.concurrent.FutureTask.run(FutureTask.java:266)
	at java.util.concurrent.ThreadPoolExecutor.runWorker(ThreadPoolExecutor.java:1142)
	at java.util.concurrent.ThreadPoolExecutor$Worker.run(ThreadPoolExecutor.java:617)
	at java.lang.Thread.run(Thread.java:745)

WARNING	?	pool-1-thread-1	2016-07-11T07:34:00.936Z	org.javacs.JavaLanguageServer#onError	Can't find configuration file for /home/mrdreamer/Documents/java/thinkinginjava/containers/MapDataTest.java
SEVERE	?	pool-1-thread-1	2016-07-11T07:34:02.551Z	org.javacs.Main#lambda$run$0	Can't find configuration file for /home/mrdreamer/Documents/java/thinkinginjava/containers/MapDataTest.java
org.javacs.NoJavaConfigException: Can't find configuration file for /home/mrdreamer/Documents/java/thinkinginjava/containers/MapDataTest.java
	at org.javacs.JavaLanguageServer.lambda$findCompiler$21(JavaLanguageServer.java:444)
	at java.util.Optional.orElseThrow(Optional.java:290)
	at org.javacs.JavaLanguageServer.findCompiler(JavaLanguageServer.java:444)
	at org.javacs.JavaLanguageServer.autocomplete(JavaLanguageServer.java:866)
	at org.javacs.JavaLanguageServer$1.completion(JavaLanguageServer.java:97)
	at io.typefox.lsapi.services.json.LanguageServerToJsonAdapter._doAccept(LanguageServerToJsonAdapter.xtend:136)
	at io.typefox.lsapi.services.json.LanguageServerToJsonAdapter.doAccept(LanguageServerToJsonAdapter.xtend:127)
	at io.typefox.lsapi.services.json.LanguageServerToJsonAdapter.accept(LanguageServerToJsonAdapter.xtend:124)
	at io.typefox.lsapi.services.json.LanguageServerProtocol.handleMessage(LanguageServerProtocol.xtend:79)
	at io.typefox.lsapi.services.json.LanguageServerProtocol$IOHandler.handleMessage(LanguageServerProtocol.xtend:284)
	at io.typefox.lsapi.services.json.LanguageServerProtocol$IOHandler.run(LanguageServerProtocol.xtend:220)
	at io.typefox.lsapi.services.json.LanguageServerProtocol$IOHandler.run(LanguageServerProtocol.xtend:180)
	at java.util.concurrent.Executors$RunnableAdapter.call(Executors.java:511)
	at java.util.concurrent.FutureTask.run(FutureTask.java:266)
	at java.util.concurrent.ThreadPoolExecutor.runWorker(ThreadPoolExecutor.java:1142)
	at java.util.concurrent.ThreadPoolExecutor$Worker.run(ThreadPoolExecutor.java:617)
	at java.lang.Thread.run(Thread.java:745)

WARNING	?	pool-1-thread-1	2016-07-11T07:34:02.551Z	org.javacs.JavaLanguageServer#onError	Can't find configuration file for /home/mrdreamer/Documents/java/thinkinginjava/containers/MapDataTest.java
SEVERE	?	pool-1-thread-1	2016-07-11T07:34:04.411Z	org.javacs.Main#lambda$run$0	Can't find configuration file for /home/mrdreamer/Documents/java/thinkinginjava/containers/MapDataTest.java
org.javacs.NoJavaConfigException: Can't find configuration file for /home/mrdreamer/Documents/java/thinkinginjava/containers/MapDataTest.java
	at org.javacs.JavaLanguageServer.lambda$findCompiler$21(JavaLanguageServer.java:444)
	at java.util.Optional.orElseThrow(Optional.java:290)
	at org.javacs.JavaLanguageServer.findCompiler(JavaLanguageServer.java:444)
	at org.javacs.JavaLanguageServer.autocomplete(JavaLanguageServer.java:866)
	at org.javacs.JavaLanguageServer$1.completion(JavaLanguageServer.java:97)
	at io.typefox.lsapi.services.json.LanguageServerToJsonAdapter._doAccept(LanguageServerToJsonAdapter.xtend:136)
	at io.typefox.lsapi.services.json.LanguageServerToJsonAdapter.doAccept(LanguageServerToJsonAdapter.xtend:127)
	at io.typefox.lsapi.services.json.LanguageServerToJsonAdapter.accept(LanguageServerToJsonAdapter.xtend:124)
	at io.typefox.lsapi.services.json.LanguageServerProtocol.handleMessage(LanguageServerProtocol.xtend:79)
	at io.typefox.lsapi.services.json.LanguageServerProtocol$IOHandler.handleMessage(LanguageServerProtocol.xtend:284)
	at io.typefox.lsapi.services.json.LanguageServerProtocol$IOHandler.run(LanguageServerProtocol.xtend:220)
	at io.typefox.lsapi.services.json.LanguageServerProtocol$IOHandler.run(LanguageServerProtocol.xtend:180)
	at java.util.concurrent.Executors$RunnableAdapter.call(Executors.java:511)
	at java.util.concurrent.FutureTask.run(FutureTask.java:266)
	at java.util.concurrent.ThreadPoolExecutor.runWorker(ThreadPoolExecutor.java:1142)
	at java.util.concurrent.ThreadPoolExecutor$Worker.run(ThreadPoolExecutor.java:617)
	at java.lang.Thread.run(Thread.java:745)

WARNING	?	pool-1-thread-1	2016-07-11T07:34:04.411Z	org.javacs.JavaLanguageServer#onError	Can't find configuration file for /home/mrdreamer/Documents/java/thinkinginjava/containers/MapDataTest.java
SEVERE	?	pool-1-thread-1	2016-07-11T07:34:05.134Z	org.javacs.Main#lambda$run$0	Can't find configuration file for /home/mrdreamer/Documents/java/thinkinginjava/containers/MapDataTest.java
org.javacs.NoJavaConfigException: Can't find configuration file for /home/mrdreamer/Documents/java/thinkinginjava/containers/MapDataTest.java
	at org.javacs.JavaLanguageServer.lambda$findCompiler$21(JavaLanguageServer.java:444)
	at java.util.Optional.orElseThrow(Optional.java:290)
	at org.javacs.JavaLanguageServer.findCompiler(JavaLanguageServer.java:444)
	at org.javacs.JavaLanguageServer.autocomplete(JavaLanguageServer.java:866)
	at org.javacs.JavaLanguageServer$1.completion(JavaLanguageServer.java:97)
	at io.typefox.lsapi.services.json.LanguageServerToJsonAdapter._doAccept(LanguageServerToJsonAdapter.xtend:136)
	at io.typefox.lsapi.services.json.LanguageServerToJsonAdapter.doAccept(LanguageServerToJsonAdapter.xtend:127)
	at io.typefox.lsapi.services.json.LanguageServerToJsonAdapter.accept(LanguageServerToJsonAdapter.xtend:124)
	at io.typefox.lsapi.services.json.LanguageServerProtocol.handleMessage(LanguageServerProtocol.xtend:79)
	at io.typefox.lsapi.services.json.LanguageServerProtocol$IOHandler.handleMessage(LanguageServerProtocol.xtend:284)
	at io.typefox.lsapi.services.json.LanguageServerProtocol$IOHandler.run(LanguageServerProtocol.xtend:220)
	at io.typefox.lsapi.services.json.LanguageServerProtocol$IOHandler.run(LanguageServerProtocol.xtend:180)
	at java.util.concurrent.Executors$RunnableAdapter.call(Executors.java:511)
	at java.util.concurrent.FutureTask.run(FutureTask.java:266)
	at java.util.concurrent.ThreadPoolExecutor.runWorker(ThreadPoolExecutor.java:1142)
	at java.util.concurrent.ThreadPoolExecutor$Worker.run(ThreadPoolExecutor.java:617)
	at java.lang.Thread.run(Thread.java:745)

WARNING	?	pool-1-thread-1	2016-07-11T07:34:05.134Z	org.javacs.JavaLanguageServer#onError	Can't find configuration file for /home/mrdreamer/Documents/java/thinkinginjava/containers/MapDataTest.java
SEVERE	?	pool-1-thread-1	2016-07-11T07:34:05.136Z	org.javacs.Main#lambda$run$0	Can't find configuration file for /home/mrdreamer/Documents/java/thinkinginjava/containers/MapDataTest.java
org.javacs.NoJavaConfigException: Can't find configuration file for /home/mrdreamer/Documents/java/thinkinginjava/containers/MapDataTest.java
	at org.javacs.JavaLanguageServer.lambda$findCompiler$21(JavaLanguageServer.java:444)
	at java.util.Optional.orElseThrow(Optional.java:290)
	at org.javacs.JavaLanguageServer.findCompiler(JavaLanguageServer.java:444)
	at org.javacs.JavaLanguageServer.autocomplete(JavaLanguageServer.java:866)
	at org.javacs.JavaLanguageServer$1.completion(JavaLanguageServer.java:97)
	at io.typefox.lsapi.services.json.LanguageServerToJsonAdapter._doAccept(LanguageServerToJsonAdapter.xtend:136)
	at io.typefox.lsapi.services.json.LanguageServerToJsonAdapter.doAccept(LanguageServerToJsonAdapter.xtend:127)
	at io.typefox.lsapi.services.json.LanguageServerToJsonAdapter.accept(LanguageServerToJsonAdapter.xtend:124)
	at io.typefox.lsapi.services.json.LanguageServerProtocol.handleMessage(LanguageServerProtocol.xtend:79)
	at io.typefox.lsapi.services.json.LanguageServerProtocol$IOHandler.handleMessage(LanguageServerProtocol.xtend:284)
	at io.typefox.lsapi.services.json.LanguageServerProtocol$IOHandler.run(LanguageServerProtocol.xtend:220)
	at io.typefox.lsapi.services.json.LanguageServerProtocol$IOHandler.run(LanguageServerProtocol.xtend:180)
	at java.util.concurrent.Executors$RunnableAdapter.call(Executors.java:511)
	at java.util.concurrent.FutureTask.run(FutureTask.java:266)
	at java.util.concurrent.ThreadPoolExecutor.runWorker(ThreadPoolExecutor.java:1142)
	at java.util.concurrent.ThreadPoolExecutor$Worker.run(ThreadPoolExecutor.java:617)
	at java.lang.Thread.run(Thread.java:745)

WARNING	?	pool-1-thread-1	2016-07-11T07:34:05.137Z	org.javacs.JavaLanguageServer#onError	Can't find configuration file for /home/mrdreamer/Documents/java/thinkinginjava/containers/MapDataTest.java
SEVERE	?	pool-1-thread-1	2016-07-11T07:34:05.182Z	org.javacs.Main#lambda$run$0	Can't find configuration file for /home/mrdreamer/Documents/java/thinkinginjava/containers/MapDataTest.java
org.javacs.NoJavaConfigException: Can't find configuration file for /home/mrdreamer/Documents/java/thinkinginjava/containers/MapDataTest.java
	at org.javacs.JavaLanguageServer.lambda$findCompiler$21(JavaLanguageServer.java:444)
	at java.util.Optional.orElseThrow(Optional.java:290)
	at org.javacs.JavaLanguageServer.findCompiler(JavaLanguageServer.java:444)
	at org.javacs.JavaLanguageServer.autocomplete(JavaLanguageServer.java:866)
	at org.javacs.JavaLanguageServer$1.completion(JavaLanguageServer.java:97)
	at io.typefox.lsapi.services.json.LanguageServerToJsonAdapter._doAccept(LanguageServerToJsonAdapter.xtend:136)
	at io.typefox.lsapi.services.json.LanguageServerToJsonAdapter.doAccept(LanguageServerToJsonAdapter.xtend:127)
	at io.typefox.lsapi.services.json.LanguageServerToJsonAdapter.accept(LanguageServerToJsonAdapter.xtend:124)
	at io.typefox.lsapi.services.json.LanguageServerProtocol.handleMessage(LanguageServerProtocol.xtend:79)
	at io.typefox.lsapi.services.json.LanguageServerProtocol$IOHandler.handleMessage(LanguageServerProtocol.xtend:284)
	at io.typefox.lsapi.services.json.LanguageServerProtocol$IOHandler.run(LanguageServerProtocol.xtend:220)
	at io.typefox.lsapi.services.json.LanguageServerProtocol$IOHandler.run(LanguageServerProtocol.xtend:180)
	at java.util.concurrent.Executors$RunnableAdapter.call(Executors.java:511)
	at java.util.concurrent.FutureTask.run(FutureTask.java:266)
	at java.util.concurrent.ThreadPoolExecutor.runWorker(ThreadPoolExecutor.java:1142)
	at java.util.concurrent.ThreadPoolExecutor$Worker.run(ThreadPoolExecutor.java:617)
	at java.lang.Thread.run(Thread.java:745)

WARNING	?	pool-1-thread-1	2016-07-11T07:34:05.185Z	org.javacs.JavaLanguageServer#onError	Can't find configuration file for /home/mrdreamer/Documents/java/thinkinginjava/containers/MapDataTest.java
SEVERE	?	pool-1-thread-1	2016-07-11T07:34:05.186Z	org.javacs.Main#lambda$run$0	Can't find configuration file for /home/mrdreamer/Documents/java/thinkinginjava/containers/MapDataTest.java
org.javacs.NoJavaConfigException: Can't find configuration file for /home/mrdreamer/Documents/java/thinkinginjava/containers/MapDataTest.java
	at org.javacs.JavaLanguageServer.lambda$findCompiler$21(JavaLanguageServer.java:444)
	at java.util.Optional.orElseThrow(Optional.java:290)
	at org.javacs.JavaLanguageServer.findCompiler(JavaLanguageServer.java:444)
	at org.javacs.JavaLanguageServer.autocomplete(JavaLanguageServer.java:866)
	at org.javacs.JavaLanguageServer$1.completion(JavaLanguageServer.java:97)
	at io.typefox.lsapi.services.json.LanguageServerToJsonAdapter._doAccept(LanguageServerToJsonAdapter.xtend:136)
	at io.typefox.lsapi.services.json.LanguageServerToJsonAdapter.doAccept(LanguageServerToJsonAdapter.xtend:127)
	at io.typefox.lsapi.services.json.LanguageServerToJsonAdapter.accept(LanguageServerToJsonAdapter.xtend:124)
	at io.typefox.lsapi.services.json.LanguageServerProtocol.handleMessage(LanguageServerProtocol.xtend:79)
	at io.typefox.lsapi.services.json.LanguageServerProtocol$IOHandler.handleMessage(LanguageServerProtocol.xtend:284)
	at io.typefox.lsapi.services.json.LanguageServerProtocol$IOHandler.run(LanguageServerProtocol.xtend:220)
	at io.typefox.lsapi.services.json.LanguageServerProtocol$IOHandler.run(LanguageServerProtocol.xtend:180)
	at java.util.concurrent.Executors$RunnableAdapter.call(Executors.java:511)
	at java.util.concurrent.FutureTask.run(FutureTask.java:266)
	at java.util.concurrent.ThreadPoolExecutor.runWorker(ThreadPoolExecutor.java:1142)
	at java.util.concurrent.ThreadPoolExecutor$Worker.run(ThreadPoolExecutor.java:617)
	at java.lang.Thread.run(Thread.java:745)

WARNING	?	pool-1-thread-1	2016-07-11T07:34:05.186Z	org.javacs.JavaLanguageServer#onError	Can't find configuration file for /home/mrdreamer/Documents/java/thinkinginjava/containers/MapDataTest.java
SEVERE	?	pool-1-thread-1	2016-07-11T07:34:05.188Z	org.javacs.Main#lambda$run$0	Can't find configuration file for /home/mrdreamer/Documents/java/thinkinginjava/containers/MapDataTest.java
org.javacs.NoJavaConfigException: Can't find configuration file for /home/mrdreamer/Documents/java/thinkinginjava/containers/MapDataTest.java
	at org.javacs.JavaLanguageServer.lambda$findCompiler$21(JavaLanguageServer.java:444)
	at java.util.Optional.orElseThrow(Optional.java:290)
	at org.javacs.JavaLanguageServer.findCompiler(JavaLanguageServer.java:444)
	at org.javacs.JavaLanguageServer.autocomplete(JavaLanguageServer.java:866)
	at org.javacs.JavaLanguageServer$1.completion(JavaLanguageServer.java:97)
	at io.typefox.lsapi.services.json.LanguageServerToJsonAdapter._doAccept(LanguageServerToJsonAdapter.xtend:136)
	at io.typefox.lsapi.services.json.LanguageServerToJsonAdapter.doAccept(LanguageServerToJsonAdapter.xtend:127)
	at io.typefox.lsapi.services.json.LanguageServerToJsonAdapter.accept(LanguageServerToJsonAdapter.xtend:124)
	at io.typefox.lsapi.services.json.LanguageServerProtocol.handleMessage(LanguageServerProtocol.xtend:79)
	at io.typefox.lsapi.services.json.LanguageServerProtocol$IOHandler.handleMessage(LanguageServerProtocol.xtend:284)
	at io.typefox.lsapi.services.json.LanguageServerProtocol$IOHandler.run(LanguageServerProtocol.xtend:220)
	at io.typefox.lsapi.services.json.LanguageServerProtocol$IOHandler.run(LanguageServerProtocol.xtend:180)
	at java.util.concurrent.Executors$RunnableAdapter.call(Executors.java:511)
	at java.util.concurrent.FutureTask.run(FutureTask.java:266)
	at java.util.concurrent.ThreadPoolExecutor.runWorker(ThreadPoolExecutor.java:1142)
	at java.util.concurrent.ThreadPoolExecutor$Worker.run(ThreadPoolExecutor.java:617)
	at java.lang.Thread.run(Thread.java:745)

WARNING	?	pool-1-thread-1	2016-07-11T07:34:05.188Z	org.javacs.JavaLanguageServer#onError	Can't find configuration file for /home/mrdreamer/Documents/java/thinkinginjava/containers/MapDataTest.java
SEVERE	?	pool-1-thread-1	2016-07-11T07:34:05.262Z	org.javacs.Main#lambda$run$0	Can't find configuration file for /home/mrdreamer/Documents/java/thinkinginjava/containers/MapDataTest.java
org.javacs.NoJavaConfigException: Can't find configuration file for /home/mrdreamer/Documents/java/thinkinginjava/containers/MapDataTest.java
	at org.javacs.JavaLanguageServer.lambda$findCompiler$21(JavaLanguageServer.java:444)
	at java.util.Optional.orElseThrow(Optional.java:290)
	at org.javacs.JavaLanguageServer.findCompiler(JavaLanguageServer.java:444)
	at org.javacs.JavaLanguageServer.autocomplete(JavaLanguageServer.java:866)
	at org.javacs.JavaLanguageServer$1.completion(JavaLanguageServer.java:97)
	at io.typefox.lsapi.services.json.LanguageServerToJsonAdapter._doAccept(LanguageServerToJsonAdapter.xtend:136)
	at io.typefox.lsapi.services.json.LanguageServerToJsonAdapter.doAccept(LanguageServerToJsonAdapter.xtend:127)
	at io.typefox.lsapi.services.json.LanguageServerToJsonAdapter.accept(LanguageServerToJsonAdapter.xtend:124)
	at io.typefox.lsapi.services.json.LanguageServerProtocol.handleMessage(LanguageServerProtocol.xtend:79)
	at io.typefox.lsapi.services.json.LanguageServerProtocol$IOHandler.handleMessage(LanguageServerProtocol.xtend:284)
	at io.typefox.lsapi.services.json.LanguageServerProtocol$IOHandler.run(LanguageServerProtocol.xtend:220)
	at io.typefox.lsapi.services.json.LanguageServerProtocol$IOHandler.run(LanguageServerProtocol.xtend:180)
	at java.util.concurrent.Executors$RunnableAdapter.call(Executors.java:511)
	at java.util.concurrent.FutureTask.run(FutureTask.java:266)
	at java.util.concurrent.ThreadPoolExecutor.runWorker(ThreadPoolExecutor.java:1142)
	at java.util.concurrent.ThreadPoolExecutor$Worker.run(ThreadPoolExecutor.java:617)
	at java.lang.Thread.run(Thread.java:745)

WARNING	?	pool-1-thread-1	2016-07-11T07:34:05.262Z	org.javacs.JavaLanguageServer#onError	Can't find configuration file for /home/mrdreamer/Documents/java/thinkinginjava/containers/MapDataTest.java
SEVERE	?	pool-1-thread-1	2016-07-11T07:34:05.320Z	org.javacs.Main#lambda$run$0	Can't find configuration file for /home/mrdreamer/Documents/java/thinkinginjava/containers/MapDataTest.java
org.javacs.NoJavaConfigException: Can't find configuration file for /home/mrdreamer/Documents/java/thinkinginjava/containers/MapDataTest.java
	at org.javacs.JavaLanguageServer.lambda$findCompiler$21(JavaLanguageServer.java:444)
	at java.util.Optional.orElseThrow(Optional.java:290)
	at org.javacs.JavaLanguageServer.findCompiler(JavaLanguageServer.java:444)
	at org.javacs.JavaLanguageServer.autocomplete(JavaLanguageServer.java:866)
	at org.javacs.JavaLanguageServer$1.completion(JavaLanguageServer.java:97)
	at io.typefox.lsapi.services.json.LanguageServerToJsonAdapter._doAccept(LanguageServerToJsonAdapter.xtend:136)
	at io.typefox.lsapi.services.json.LanguageServerToJsonAdapter.doAccept(LanguageServerToJsonAdapter.xtend:127)
	at io.typefox.lsapi.services.json.LanguageServerToJsonAdapter.accept(LanguageServerToJsonAdapter.xtend:124)
	at io.typefox.lsapi.services.json.LanguageServerProtocol.handleMessage(LanguageServerProtocol.xtend:79)
	at io.typefox.lsapi.services.json.LanguageServerProtocol$IOHandler.handleMessage(LanguageServerProtocol.xtend:284)
	at io.typefox.lsapi.services.json.LanguageServerProtocol$IOHandler.run(LanguageServerProtocol.xtend:220)
	at io.typefox.lsapi.services.json.LanguageServerProtocol$IOHandler.run(LanguageServerProtocol.xtend:180)
	at java.util.concurrent.Executors$RunnableAdapter.call(Executors.java:511)
	at java.util.concurrent.FutureTask.run(FutureTask.java:266)
	at java.util.concurrent.ThreadPoolExecutor.runWorker(ThreadPoolExecutor.java:1142)
	at java.util.concurrent.ThreadPoolExecutor$Worker.run(ThreadPoolExecutor.java:617)
	at java.lang.Thread.run(Thread.java:745)

WARNING	?	pool-1-thread-1	2016-07-11T07:34:05.320Z	org.javacs.JavaLanguageServer#onError	Can't find configuration file for /home/mrdreamer/Documents/java/thinkinginjava/containers/MapDataTest.java
SEVERE	?	pool-1-thread-1	2016-07-11T07:34:05.382Z	org.javacs.Main#lambda$run$0	Can't find configuration file for /home/mrdreamer/Documents/java/thinkinginjava/containers/MapDataTest.java
org.javacs.NoJavaConfigException: Can't find configuration file for /home/mrdreamer/Documents/java/thinkinginjava/containers/MapDataTest.java
	at org.javacs.JavaLanguageServer.lambda$findCompiler$21(JavaLanguageServer.java:444)
	at java.util.Optional.orElseThrow(Optional.java:290)
	at org.javacs.JavaLanguageServer.findCompiler(JavaLanguageServer.java:444)
	at org.javacs.JavaLanguageServer.autocomplete(JavaLanguageServer.java:866)
	at org.javacs.JavaLanguageServer$1.completion(JavaLanguageServer.java:97)
	at io.typefox.lsapi.services.json.LanguageServerToJsonAdapter._doAccept(LanguageServerToJsonAdapter.xtend:136)
	at io.typefox.lsapi.services.json.LanguageServerToJsonAdapter.doAccept(LanguageServerToJsonAdapter.xtend:127)
	at io.typefox.lsapi.services.json.LanguageServerToJsonAdapter.accept(LanguageServerToJsonAdapter.xtend:124)
	at io.typefox.lsapi.services.json.LanguageServerProtocol.handleMessage(LanguageServerProtocol.xtend:79)
	at io.typefox.lsapi.services.json.LanguageServerProtocol$IOHandler.handleMessage(LanguageServerProtocol.xtend:284)
	at io.typefox.lsapi.services.json.LanguageServerProtocol$IOHandler.run(LanguageServerProtocol.xtend:220)
	at io.typefox.lsapi.services.json.LanguageServerProtocol$IOHandler.run(LanguageServerProtocol.xtend:180)
	at java.util.concurrent.Executors$RunnableAdapter.call(Executors.java:511)
	at java.util.concurrent.FutureTask.run(FutureTask.java:266)
	at java.util.concurrent.ThreadPoolExecutor.runWorker(ThreadPoolExecutor.java:1142)
	at java.util.concurrent.ThreadPoolExecutor$Worker.run(ThreadPoolExecutor.java:617)
	at java.lang.Thread.run(Thread.java:745)

WARNING	?	pool-1-thread-1	2016-07-11T07:34:05.382Z	org.javacs.JavaLanguageServer#onError	Can't find configuration file for /home/mrdreamer/Documents/java/thinkinginjava/containers/MapDataTest.java
SEVERE	?	pool-1-thread-1	2016-07-11T07:34:05.542Z	org.javacs.Main#lambda$run$0	Can't find configuration file for /home/mrdreamer/Documents/java/thinkinginjava/containers/MapDataTest.java
org.javacs.NoJavaConfigException: Can't find configuration file for /home/mrdreamer/Documents/java/thinkinginjava/containers/MapDataTest.java
	at org.javacs.JavaLanguageServer.lambda$findCompiler$21(JavaLanguageServer.java:444)
	at java.util.Optional.orElseThrow(Optional.java:290)
	at org.javacs.JavaLanguageServer.findCompiler(JavaLanguageServer.java:444)
	at org.javacs.JavaLanguageServer.autocomplete(JavaLanguageServer.java:866)
	at org.javacs.JavaLanguageServer$1.completion(JavaLanguageServer.java:97)
	at io.typefox.lsapi.services.json.LanguageServerToJsonAdapter._doAccept(LanguageServerToJsonAdapter.xtend:136)
	at io.typefox.lsapi.services.json.LanguageServerToJsonAdapter.doAccept(LanguageServerToJsonAdapter.xtend:127)
	at io.typefox.lsapi.services.json.LanguageServerToJsonAdapter.accept(LanguageServerToJsonAdapter.xtend:124)
	at io.typefox.lsapi.services.json.LanguageServerProtocol.handleMessage(LanguageServerProtocol.xtend:79)
	at io.typefox.lsapi.services.json.LanguageServerProtocol$IOHandler.handleMessage(LanguageServerProtocol.xtend:284)
	at io.typefox.lsapi.services.json.LanguageServerProtocol$IOHandler.run(LanguageServerProtocol.xtend:220)
	at io.typefox.lsapi.services.json.LanguageServerProtocol$IOHandler.run(LanguageServerProtocol.xtend:180)
	at java.util.concurrent.Executors$RunnableAdapter.call(Executors.java:511)
	at java.util.concurrent.FutureTask.run(FutureTask.java:266)
	at java.util.concurrent.ThreadPoolExecutor.runWorker(ThreadPoolExecutor.java:1142)
	at java.util.concurrent.ThreadPoolExecutor$Worker.run(ThreadPoolExecutor.java:617)
	at java.lang.Thread.run(Thread.java:745)

WARNING	?	pool-1-thread-1	2016-07-11T07:34:05.542Z	org.javacs.JavaLanguageServer#onError	Can't find configuration file for /home/mrdreamer/Documents/java/thinkinginjava/containers/MapDataTest.java
SEVERE	?	pool-1-thread-1	2016-07-11T07:34:05.694Z	org.javacs.Main#lambda$run$0	Can't find configuration file for /home/mrdreamer/Documents/java/thinkinginjava/containers/MapDataTest.java
org.javacs.NoJavaConfigException: Can't find configuration file for /home/mrdreamer/Documents/java/thinkinginjava/containers/MapDataTest.java
	at org.javacs.JavaLanguageServer.lambda$findCompiler$21(JavaLanguageServer.java:444)
	at java.util.Optional.orElseThrow(Optional.java:290)
	at org.javacs.JavaLanguageServer.findCompiler(JavaLanguageServer.java:444)
	at org.javacs.JavaLanguageServer.autocomplete(JavaLanguageServer.java:866)
	at org.javacs.JavaLanguageServer$1.completion(JavaLanguageServer.java:97)
	at io.typefox.lsapi.services.json.LanguageServerToJsonAdapter._doAccept(LanguageServerToJsonAdapter.xtend:136)
	at io.typefox.lsapi.services.json.LanguageServerToJsonAdapter.doAccept(LanguageServerToJsonAdapter.xtend:127)
	at io.typefox.lsapi.services.json.LanguageServerToJsonAdapter.accept(LanguageServerToJsonAdapter.xtend:124)
	at io.typefox.lsapi.services.json.LanguageServerProtocol.handleMessage(LanguageServerProtocol.xtend:79)
	at io.typefox.lsapi.services.json.LanguageServerProtocol$IOHandler.handleMessage(LanguageServerProtocol.xtend:284)
	at io.typefox.lsapi.services.json.LanguageServerProtocol$IOHandler.run(LanguageServerProtocol.xtend:220)
	at io.typefox.lsapi.services.json.LanguageServerProtocol$IOHandler.run(LanguageServerProtocol.xtend:180)
	at java.util.concurrent.Executors$RunnableAdapter.call(Executors.java:511)
	at java.util.concurrent.FutureTask.run(FutureTask.java:266)
	at java.util.concurrent.ThreadPoolExecutor.runWorker(ThreadPoolExecutor.java:1142)
	at java.util.concurrent.ThreadPoolExecutor$Worker.run(ThreadPoolExecutor.java:617)
	at java.lang.Thread.run(Thread.java:745)

WARNING	?	pool-1-thread-1	2016-07-11T07:34:05.694Z	org.javacs.JavaLanguageServer#onError	Can't find configuration file for /home/mrdreamer/Documents/java/thinkinginjava/containers/MapDataTest.java
SEVERE	?	pool-1-thread-1	2016-07-11T07:34:05.854Z	org.javacs.Main#lambda$run$0	Can't find configuration file for /home/mrdreamer/Documents/java/thinkinginjava/containers/MapDataTest.java
org.javacs.NoJavaConfigException: Can't find configuration file for /home/mrdreamer/Documents/java/thinkinginjava/containers/MapDataTest.java
	at org.javacs.JavaLanguageServer.lambda$findCompiler$21(JavaLanguageServer.java:444)
	at java.util.Optional.orElseThrow(Optional.java:290)
	at org.javacs.JavaLanguageServer.findCompiler(JavaLanguageServer.java:444)
	at org.javacs.JavaLanguageServer.autocomplete(JavaLanguageServer.java:866)
	at org.javacs.JavaLanguageServer$1.completion(JavaLanguageServer.java:97)
	at io.typefox.lsapi.services.json.LanguageServerToJsonAdapter._doAccept(LanguageServerToJsonAdapter.xtend:136)
	at io.typefox.lsapi.services.json.LanguageServerToJsonAdapter.doAccept(LanguageServerToJsonAdapter.xtend:127)
	at io.typefox.lsapi.services.json.LanguageServerToJsonAdapter.accept(LanguageServerToJsonAdapter.xtend:124)
	at io.typefox.lsapi.services.json.LanguageServerProtocol.handleMessage(LanguageServerProtocol.xtend:79)
	at io.typefox.lsapi.services.json.LanguageServerProtocol$IOHandler.handleMessage(LanguageServerProtocol.xtend:284)
	at io.typefox.lsapi.services.json.LanguageServerProtocol$IOHandler.run(LanguageServerProtocol.xtend:220)
	at io.typefox.lsapi.services.json.LanguageServerProtocol$IOHandler.run(LanguageServerProtocol.xtend:180)
	at java.util.concurrent.Executors$RunnableAdapter.call(Executors.java:511)
	at java.util.concurrent.FutureTask.run(FutureTask.java:266)
	at java.util.concurrent.ThreadPoolExecutor.runWorker(ThreadPoolExecutor.java:1142)
	at java.util.concurrent.ThreadPoolExecutor$Worker.run(ThreadPoolExecutor.java:617)
	at java.lang.Thread.run(Thread.java:745)

WARNING	?	pool-1-thread-1	2016-07-11T07:34:05.855Z	org.javacs.JavaLanguageServer#onError	Can't find configuration file for /home/mrdreamer/Documents/java/thinkinginjava/containers/MapDataTest.java
SEVERE	?	pool-1-thread-1	2016-07-11T07:34:06.006Z	org.javacs.Main#lambda$run$0	Can't find configuration file for /home/mrdreamer/Documents/java/thinkinginjava/containers/MapDataTest.java
org.javacs.NoJavaConfigException: Can't find configuration file for /home/mrdreamer/Documents/java/thinkinginjava/containers/MapDataTest.java
	at org.javacs.JavaLanguageServer.lambda$findCompiler$21(JavaLanguageServer.java:444)
	at java.util.Optional.orElseThrow(Optional.java:290)
	at org.javacs.JavaLanguageServer.findCompiler(JavaLanguageServer.java:444)
	at org.javacs.JavaLanguageServer.autocomplete(JavaLanguageServer.java:866)
	at org.javacs.JavaLanguageServer$1.completion(JavaLanguageServer.java:97)
	at io.typefox.lsapi.services.json.LanguageServerToJsonAdapter._doAccept(LanguageServerToJsonAdapter.xtend:136)
	at io.typefox.lsapi.services.json.LanguageServerToJsonAdapter.doAccept(LanguageServerToJsonAdapter.xtend:127)
	at io.typefox.lsapi.services.json.LanguageServerToJsonAdapter.accept(LanguageServerToJsonAdapter.xtend:124)
	at io.typefox.lsapi.services.json.LanguageServerProtocol.handleMessage(LanguageServerProtocol.xtend:79)
	at io.typefox.lsapi.services.json.LanguageServerProtocol$IOHandler.handleMessage(LanguageServerProtocol.xtend:284)
	at io.typefox.lsapi.services.json.LanguageServerProtocol$IOHandler.run(LanguageServerProtocol.xtend:220)
	at io.typefox.lsapi.services.json.LanguageServerProtocol$IOHandler.run(LanguageServerProtocol.xtend:180)
	at java.util.concurrent.Executors$RunnableAdapter.call(Executors.java:511)
	at java.util.concurrent.FutureTask.run(FutureTask.java:266)
	at java.util.concurrent.ThreadPoolExecutor.runWorker(ThreadPoolExecutor.java:1142)
	at java.util.concurrent.ThreadPoolExecutor$Worker.run(ThreadPoolExecutor.java:617)
	at java.lang.Thread.run(Thread.java:745)

WARNING	?	pool-1-thread-1	2016-07-11T07:34:06.006Z	org.javacs.JavaLanguageServer#onError	Can't find configuration file for /home/mrdreamer/Documents/java/thinkinginjava/containers/MapDataTest.java
INFO	?	pool-1-thread-1	2016-07-11T07:34:06.869Z	org.javacs.JavaLanguageServer#doLint	Lint /home/mrdreamer/Documents/java/thinkinginjava/containers/MapDataTest.java
SEVERE	?	pool-1-thread-1	2016-07-11T07:34:06.869Z	org.javacs.Main#lambda$run$0	Can't find configuration file for /home/mrdreamer/Documents/java/thinkinginjava/containers/MapDataTest.java
org.javacs.NoJavaConfigException: Can't find configuration file for /home/mrdreamer/Documents/java/thinkinginjava/containers/MapDataTest.java
	at org.javacs.JavaLanguageServer.lambda$findCompiler$21(JavaLanguageServer.java:444)
	at java.util.Optional.orElseThrow(Optional.java:290)
	at org.javacs.JavaLanguageServer.findCompiler(JavaLanguageServer.java:444)
	at org.javacs.JavaLanguageServer.doLint(JavaLanguageServer.java:292)
	at org.javacs.JavaLanguageServer.access$400(JavaLanguageServer.java:25)
	at org.javacs.JavaLanguageServer$1.didSave(JavaLanguageServer.java:232)
	at io.typefox.lsapi.services.json.LanguageServerToJsonAdapter._doAccept(LanguageServerToJsonAdapter.xtend:223)
	at io.typefox.lsapi.services.json.LanguageServerToJsonAdapter.doAccept(LanguageServerToJsonAdapter.xtend:213)
	at io.typefox.lsapi.services.json.LanguageServerToJsonAdapter.accept(LanguageServerToJsonAdapter.xtend:124)
	at io.typefox.lsapi.services.json.LanguageServerProtocol.handleMessage(LanguageServerProtocol.xtend:79)
	at io.typefox.lsapi.services.json.LanguageServerProtocol$IOHandler.handleMessage(LanguageServerProtocol.xtend:284)
	at io.typefox.lsapi.services.json.LanguageServerProtocol$IOHandler.run(LanguageServerProtocol.xtend:220)
	at io.typefox.lsapi.services.json.LanguageServerProtocol$IOHandler.run(LanguageServerProtocol.xtend:180)
	at java.util.concurrent.Executors$RunnableAdapter.call(Executors.java:511)
	at java.util.concurrent.FutureTask.run(FutureTask.java:266)
	at java.util.concurrent.ThreadPoolExecutor.runWorker(ThreadPoolExecutor.java:1142)
	at java.util.concurrent.ThreadPoolExecutor$Worker.run(ThreadPoolExecutor.java:617)
	at java.lang.Thread.run(Thread.java:745)

WARNING	?	pool-1-thread-1	2016-07-11T07:34:06.871Z	org.javacs.JavaLanguageServer#onError	Can't find configuration file for /home/mrdreamer/Documents/java/thinkinginjava/containers/MapDataTest.java
SEVERE	?	pool-1-thread-1	2016-07-11T07:34:29.633Z	org.javacs.Main#lambda$run$0	Can't find configuration file for /home/mrdreamer/Documents/java/thinkinginjava/containers/MapDataTest.java
org.javacs.NoJavaConfigException: Can't find configuration file for /home/mrdreamer/Documents/java/thinkinginjava/containers/MapDataTest.java
	at org.javacs.JavaLanguageServer.lambda$findCompiler$21(JavaLanguageServer.java:444)
	at java.util.Optional.orElseThrow(Optional.java:290)
	at org.javacs.JavaLanguageServer.findCompiler(JavaLanguageServer.java:444)
	at org.javacs.JavaLanguageServer.doHover(JavaLanguageServer.java:776)
	at org.javacs.JavaLanguageServer$1.hover(JavaLanguageServer.java:107)
	at io.typefox.lsapi.services.json.LanguageServerToJsonAdapter._doAccept(LanguageServerToJsonAdapter.xtend:140)
	at io.typefox.lsapi.services.json.LanguageServerToJsonAdapter.doAccept(LanguageServerToJsonAdapter.xtend:127)
	at io.typefox.lsapi.services.json.LanguageServerToJsonAdapter.accept(LanguageServerToJsonAdapter.xtend:124)
	at io.typefox.lsapi.services.json.LanguageServerProtocol.handleMessage(LanguageServerProtocol.xtend:79)
	at io.typefox.lsapi.services.json.LanguageServerProtocol$IOHandler.handleMessage(LanguageServerProtocol.xtend:284)
	at io.typefox.lsapi.services.json.LanguageServerProtocol$IOHandler.run(LanguageServerProtocol.xtend:220)
	at io.typefox.lsapi.services.json.LanguageServerProtocol$IOHandler.run(LanguageServerProtocol.xtend:180)
	at java.util.concurrent.Executors$RunnableAdapter.call(Executors.java:511)
	at java.util.concurrent.FutureTask.run(FutureTask.java:266)
	at java.util.concurrent.ThreadPoolExecutor.runWorker(ThreadPoolExecutor.java:1142)
	at java.util.concurrent.ThreadPoolExecutor$Worker.run(ThreadPoolExecutor.java:617)
	at java.lang.Thread.run(Thread.java:745)

WARNING	?	pool-1-thread-1	2016-07-11T07:34:29.633Z	org.javacs.JavaLanguageServer#onError	Can't find configuration file for /home/mrdreamer/Documents/java/thinkinginjava/containers/MapDataTest.java
SEVERE	?	pool-1-thread-1	2016-07-11T07:34:51.226Z	org.javacs.Main#lambda$run$0	Can't find configuration file for /home/mrdreamer/Documents/java/thinkinginjava/containers/MapDataTest.java
org.javacs.NoJavaConfigException: Can't find configuration file for /home/mrdreamer/Documents/java/thinkinginjava/containers/MapDataTest.java
	at org.javacs.JavaLanguageServer.lambda$findCompiler$21(JavaLanguageServer.java:444)
	at java.util.Optional.orElseThrow(Optional.java:290)
	at org.javacs.JavaLanguageServer.findCompiler(JavaLanguageServer.java:444)
	at org.javacs.JavaLanguageServer.doHover(JavaLanguageServer.java:776)
	at org.javacs.JavaLanguageServer$1.hover(JavaLanguageServer.java:107)
	at io.typefox.lsapi.services.json.LanguageServerToJsonAdapter._doAccept(LanguageServerToJsonAdapter.xtend:140)
	at io.typefox.lsapi.services.json.LanguageServerToJsonAdapter.doAccept(LanguageServerToJsonAdapter.xtend:127)
	at io.typefox.lsapi.services.json.LanguageServerToJsonAdapter.accept(LanguageServerToJsonAdapter.xtend:124)
	at io.typefox.lsapi.services.json.LanguageServerProtocol.handleMessage(LanguageServerProtocol.xtend:79)
	at io.typefox.lsapi.services.json.LanguageServerProtocol$IOHandler.handleMessage(LanguageServerProtocol.xtend:284)
	at io.typefox.lsapi.services.json.LanguageServerProtocol$IOHandler.run(LanguageServerProtocol.xtend:220)
	at io.typefox.lsapi.services.json.LanguageServerProtocol$IOHandler.run(LanguageServerProtocol.xtend:180)
	at java.util.concurrent.Executors$RunnableAdapter.call(Executors.java:511)
	at java.util.concurrent.FutureTask.run(FutureTask.java:266)
	at java.util.concurrent.ThreadPoolExecutor.runWorker(ThreadPoolExecutor.java:1142)
	at java.util.concurrent.ThreadPoolExecutor$Worker.run(ThreadPoolExecutor.java:617)
	at java.lang.Thread.run(Thread.java:745)

WARNING	?	pool-1-thread-1	2016-07-11T07:34:51.226Z	org.javacs.JavaLanguageServer#onError	Can't find configuration file for /home/mrdreamer/Documents/java/thinkinginjava/containers/MapDataTest.java
SEVERE	?	pool-1-thread-1	2016-07-11T07:36:22.694Z	org.javacs.Main#lambda$run$0	Can't find configuration file for /home/mrdreamer/Documents/java/thinkinginjava/containers/MapDataTest.java
org.javacs.NoJavaConfigException: Can't find configuration file for /home/mrdreamer/Documents/java/thinkinginjava/containers/MapDataTest.java
	at org.javacs.JavaLanguageServer.lambda$findCompiler$21(JavaLanguageServer.java:444)
	at java.util.Optional.orElseThrow(Optional.java:290)
	at org.javacs.JavaLanguageServer.findCompiler(JavaLanguageServer.java:444)
	at org.javacs.JavaLanguageServer.doHover(JavaLanguageServer.java:776)
	at org.javacs.JavaLanguageServer$1.hover(JavaLanguageServer.java:107)
	at io.typefox.lsapi.services.json.LanguageServerToJsonAdapter._doAccept(LanguageServerToJsonAdapter.xtend:140)
	at io.typefox.lsapi.services.json.LanguageServerToJsonAdapter.doAccept(LanguageServerToJsonAdapter.xtend:127)
	at io.typefox.lsapi.services.json.LanguageServerToJsonAdapter.accept(LanguageServerToJsonAdapter.xtend:124)
	at io.typefox.lsapi.services.json.LanguageServerProtocol.handleMessage(LanguageServerProtocol.xtend:79)
	at io.typefox.lsapi.services.json.LanguageServerProtocol$IOHandler.handleMessage(LanguageServerProtocol.xtend:284)
	at io.typefox.lsapi.services.json.LanguageServerProtocol$IOHandler.run(LanguageServerProtocol.xtend:220)
	at io.typefox.lsapi.services.json.LanguageServerProtocol$IOHandler.run(LanguageServerProtocol.xtend:180)
	at java.util.concurrent.Executors$RunnableAdapter.call(Executors.java:511)
	at java.util.concurrent.FutureTask.run(FutureTask.java:266)
	at java.util.concurrent.ThreadPoolExecutor.runWorker(ThreadPoolExecutor.java:1142)
	at java.util.concurrent.ThreadPoolExecutor$Worker.run(ThreadPoolExecutor.java:617)
	at java.lang.Thread.run(Thread.java:745)

WARNING	?	pool-1-thread-1	2016-07-11T07:36:22.694Z	org.javacs.JavaLanguageServer#onError	Can't find configuration file for /home/mrdreamer/Documents/java/thinkinginjava/containers/MapDataTest.java
SEVERE	?	pool-1-thread-1	2016-07-11T10:37:20.026Z	org.javacs.Main#lambda$run$0	Can't find configuration file for /home/mrdreamer/Documents/java/thinkinginjava/containers/MapDataTest.java
org.javacs.NoJavaConfigException: Can't find configuration file for /home/mrdreamer/Documents/java/thinkinginjava/containers/MapDataTest.java
	at org.javacs.JavaLanguageServer.lambda$findCompiler$21(JavaLanguageServer.java:444)
	at java.util.Optional.orElseThrow(Optional.java:290)
	at org.javacs.JavaLanguageServer.findCompiler(JavaLanguageServer.java:444)
	at org.javacs.JavaLanguageServer.doHover(JavaLanguageServer.java:776)
	at org.javacs.JavaLanguageServer$1.hover(JavaLanguageServer.java:107)
	at io.typefox.lsapi.services.json.LanguageServerToJsonAdapter._doAccept(LanguageServerToJsonAdapter.xtend:140)
	at io.typefox.lsapi.services.json.LanguageServerToJsonAdapter.doAccept(LanguageServerToJsonAdapter.xtend:127)
	at io.typefox.lsapi.services.json.LanguageServerToJsonAdapter.accept(LanguageServerToJsonAdapter.xtend:124)
	at io.typefox.lsapi.services.json.LanguageServerProtocol.handleMessage(LanguageServerProtocol.xtend:79)
	at io.typefox.lsapi.services.json.LanguageServerProtocol$IOHandler.handleMessage(LanguageServerProtocol.xtend:284)
	at io.typefox.lsapi.services.json.LanguageServerProtocol$IOHandler.run(LanguageServerProtocol.xtend:220)
	at io.typefox.lsapi.services.json.LanguageServerProtocol$IOHandler.run(LanguageServerProtocol.xtend:180)
	at java.util.concurrent.Executors$RunnableAdapter.call(Executors.java:511)
	at java.util.concurrent.FutureTask.run(FutureTask.java:266)
	at java.util.concurrent.ThreadPoolExecutor.runWorker(ThreadPoolExecutor.java:1142)
	at java.util.concurrent.ThreadPoolExecutor$Worker.run(ThreadPoolExecutor.java:617)
	at java.lang.Thread.run(Thread.java:745)

WARNING	?	pool-1-thread-1	2016-07-11T10:37:20.026Z	org.javacs.JavaLanguageServer#onError	Can't find configuration file for /home/mrdreamer/Documents/java/thinkinginjava/containers/MapDataTest.java
SEVERE	?	pool-1-thread-1	2016-07-11T11:11:51.457Z	org.javacs.Main#lambda$run$0	Can't find configuration file for /home/mrdreamer/Documents/java/thinkinginjava/containers/MapDataTest.java
org.javacs.NoJavaConfigException: Can't find configuration file for /home/mrdreamer/Documents/java/thinkinginjava/containers/MapDataTest.java
	at org.javacs.JavaLanguageServer.lambda$findCompiler$21(JavaLanguageServer.java:444)
	at java.util.Optional.orElseThrow(Optional.java:290)
	at org.javacs.JavaLanguageServer.findCompiler(JavaLanguageServer.java:444)
	at org.javacs.JavaLanguageServer.doHover(JavaLanguageServer.java:776)
	at org.javacs.JavaLanguageServer$1.hover(JavaLanguageServer.java:107)
	at io.typefox.lsapi.services.json.LanguageServerToJsonAdapter._doAccept(LanguageServerToJsonAdapter.xtend:140)
	at io.typefox.lsapi.services.json.LanguageServerToJsonAdapter.doAccept(LanguageServerToJsonAdapter.xtend:127)
	at io.typefox.lsapi.services.json.LanguageServerToJsonAdapter.accept(LanguageServerToJsonAdapter.xtend:124)
	at io.typefox.lsapi.services.json.LanguageServerProtocol.handleMessage(LanguageServerProtocol.xtend:79)
	at io.typefox.lsapi.services.json.LanguageServerProtocol$IOHandler.handleMessage(LanguageServerProtocol.xtend:284)
	at io.typefox.lsapi.services.json.LanguageServerProtocol$IOHandler.run(LanguageServerProtocol.xtend:220)
	at io.typefox.lsapi.services.json.LanguageServerProtocol$IOHandler.run(LanguageServerProtocol.xtend:180)
	at java.util.concurrent.Executors$RunnableAdapter.call(Executors.java:511)
	at java.util.concurrent.FutureTask.run(FutureTask.java:266)
	at java.util.concurrent.ThreadPoolExecutor.runWorker(ThreadPoolExecutor.java:1142)
	at java.util.concurrent.ThreadPoolExecutor$Worker.run(ThreadPoolExecutor.java:617)
	at java.lang.Thread.run(Thread.java:745)

WARNING	?	pool-1-thread-1	2016-07-11T11:11:51.458Z	org.javacs.JavaLanguageServer#onError	Can't find configuration file for /home/mrdreamer/Documents/java/thinkinginjava/containers/MapDataTest.java
