WARNING	?	pool-1-thread-1	2016-07-08T11:21:31.978Z	org.javacs.JavaLanguageServer#onError	Can't find configuration file for /home/mrdreamer/Documents/java/thinkinginjava/typeinfo/pets/ForNameCreator.java
SEVERE	?	pool-1-thread-1	2016-07-08T11:21:33.578Z	org.javacs.Main#lambda$run$0	Can't find configuration file for /home/mrdreamer/Documents/java/thinkinginjava/typeinfo/pets/ForNameCreator.java
org.javacs.NoJavaConfigException: Can't find configuration file for /home/mrdreamer/Documents/java/thinkinginjava/typeinfo/pets/ForNameCreator.java
	at org.javacs.JavaLanguageServer.lambda$findCompiler$21(JavaLanguageServer.java:444)
	at java.util.Optional.orElseThrow(Optional.java:290)
	at org.javacs.JavaLanguageServer.findCompiler(JavaLanguageServer.java:444)
	at org.javacs.JavaLanguageServer.doHover(JavaLanguageServer.java:776)
	at org.javacs.JavaLanguageServer$1.hover(JavaLanguageServer.java:107)
	at io.typefox.lsapi.services.json.LanguageServerToJsonAdapter._doAccept(LanguageServerToJsonAdapter.xtend:140)
	at io.typefox.lsapi.services.json.LanguageServerToJsonAdapter.doAccept(LanguageServerToJsonAdapter.xtend:127)
	at io.typefox.lsapi.services.json.LanguageServerToJsonAdapter.accept(LanguageServerToJsonAdapter.xtend:124)
	at io.typefox.lsapi.services.json.LanguageServerProtocol.handleMessage(LanguageServerProtocol.xtend:79)
	at io.typefox.lsapi.services.json.LanguageServerProtocol$IOHandler.handleMessage(LanguageServerProtocol.xtend:284)
	at io.typefox.lsapi.services.json.LanguageServerProtocol$IOHandler.run(LanguageServerProtocol.xtend:220)
	at io.typefox.lsapi.services.json.LanguageServerProtocol$IOHandler.run(LanguageServerProtocol.xtend:180)
	at java.util.concurrent.Executors$RunnableAdapter.call(Executors.java:511)
	at java.util.concurrent.FutureTask.run(FutureTask.java:266)
	at java.util.concurrent.ThreadPoolExecutor.runWorker(ThreadPoolExecutor.java:1142)
	at java.util.concurrent.ThreadPoolExecutor$Worker.run(ThreadPoolExecutor.java:617)
	at java.lang.Thread.run(Thread.java:745)

WARNING	?	pool-1-thread-1	2016-07-08T11:21:33.578Z	org.javacs.JavaLanguageServer#onError	Can't find configuration file for /home/mrdreamer/Documents/java/thinkinginjava/typeinfo/pets/ForNameCreator.java
SEVERE	?	pool-1-thread-1	2016-07-08T11:21:34.414Z	org.javacs.Main#lambda$run$0	Can't find configuration file for /home/mrdreamer/Documents/java/thinkinginjava/typeinfo/pets/ForNameCreator.java
org.javacs.NoJavaConfigException: Can't find configuration file for /home/mrdreamer/Documents/java/thinkinginjava/typeinfo/pets/ForNameCreator.java
	at org.javacs.JavaLanguageServer.lambda$findCompiler$21(JavaLanguageServer.java:444)
	at java.util.Optional.orElseThrow(Optional.java:290)
	at org.javacs.JavaLanguageServer.findCompiler(JavaLanguageServer.java:444)
	at org.javacs.JavaLanguageServer.doHover(JavaLanguageServer.java:776)
	at org.javacs.JavaLanguageServer$1.hover(JavaLanguageServer.java:107)
	at io.typefox.lsapi.services.json.LanguageServerToJsonAdapter._doAccept(LanguageServerToJsonAdapter.xtend:140)
	at io.typefox.lsapi.services.json.LanguageServerToJsonAdapter.doAccept(LanguageServerToJsonAdapter.xtend:127)
	at io.typefox.lsapi.services.json.LanguageServerToJsonAdapter.accept(LanguageServerToJsonAdapter.xtend:124)
	at io.typefox.lsapi.services.json.LanguageServerProtocol.handleMessage(LanguageServerProtocol.xtend:79)
	at io.typefox.lsapi.services.json.LanguageServerProtocol$IOHandler.handleMessage(LanguageServerProtocol.xtend:284)
	at io.typefox.lsapi.services.json.LanguageServerProtocol$IOHandler.run(LanguageServerProtocol.xtend:220)
	at io.typefox.lsapi.services.json.LanguageServerProtocol$IOHandler.run(LanguageServerProtocol.xtend:180)
	at java.util.concurrent.Executors$RunnableAdapter.call(Executors.java:511)
	at java.util.concurrent.FutureTask.run(FutureTask.java:266)
	at java.util.concurrent.ThreadPoolExecutor.runWorker(ThreadPoolExecutor.java:1142)
	at java.util.concurrent.ThreadPoolExecutor$Worker.run(ThreadPoolExecutor.java:617)
	at java.lang.Thread.run(Thread.java:745)

WARNING	?	pool-1-thread-1	2016-07-08T11:21:34.414Z	org.javacs.JavaLanguageServer#onError	Can't find configuration file for /home/mrdreamer/Documents/java/thinkinginjava/typeinfo/pets/ForNameCreator.java
