WARNING	?	pool-1-thread-1	2016-07-11T07:50:12.428Z	org.javacs.JavaLanguageServer#onError	Can't find configuration file for /home/mrdreamer/Documents/java/enum/enumtest.java
SEVERE	?	pool-1-thread-1	2016-07-11T07:50:14.942Z	org.javacs.Main#lambda$run$0	Can't find configuration file for /home/mrdreamer/Documents/java/enum/enumtest.java
org.javacs.NoJavaConfigException: Can't find configuration file for /home/mrdreamer/Documents/java/enum/enumtest.java
	at org.javacs.JavaLanguageServer.lambda$findCompiler$21(JavaLanguageServer.java:444)
	at java.util.Optional.orElseThrow(Optional.java:290)
	at org.javacs.JavaLanguageServer.findCompiler(JavaLanguageServer.java:444)
	at org.javacs.JavaLanguageServer.autocomplete(JavaLanguageServer.java:866)
	at org.javacs.JavaLanguageServer$1.completion(JavaLanguageServer.java:97)
	at io.typefox.lsapi.services.json.LanguageServerToJsonAdapter._doAccept(LanguageServerToJsonAdapter.xtend:136)
	at io.typefox.lsapi.services.json.LanguageServerToJsonAdapter.doAccept(LanguageServerToJsonAdapter.xtend:127)
	at io.typefox.lsapi.services.json.LanguageServerToJsonAdapter.accept(LanguageServerToJsonAdapter.xtend:124)
	at io.typefox.lsapi.services.json.LanguageServerProtocol.handleMessage(LanguageServerProtocol.xtend:79)
	at io.typefox.lsapi.services.json.LanguageServerProtocol$IOHandler.handleMessage(LanguageServerProtocol.xtend:284)
	at io.typefox.lsapi.services.json.LanguageServerProtocol$IOHandler.run(LanguageServerProtocol.xtend:220)
	at io.typefox.lsapi.services.json.LanguageServerProtocol$IOHandler.run(LanguageServerProtocol.xtend:180)
	at java.util.concurrent.Executors$RunnableAdapter.call(Executors.java:511)
	at java.util.concurrent.FutureTask.run(FutureTask.java:266)
	at java.util.concurrent.ThreadPoolExecutor.runWorker(ThreadPoolExecutor.java:1142)
	at java.util.concurrent.ThreadPoolExecutor$Worker.run(ThreadPoolExecutor.java:617)
	at java.lang.Thread.run(Thread.java:745)

WARNING	?	pool-1-thread-1	2016-07-11T07:50:14.942Z	org.javacs.JavaLanguageServer#onError	Can't find configuration file for /home/mrdreamer/Documents/java/enum/enumtest.java
